The target system is: Linux -  - aarch64
The host system is: Linux - 5.4.0-150-generic - x86_64
Compiling the C compiler identification source file "CMakeCCompilerId.c" succeeded.
Compiler: /home/sunpark/workspace2/SDK_2022.1/sysroots/x86_64-petalinux-linux/usr/bin/aarch64-xilinx-linux/aarch64-xilinx-linux-gcc -mcpu=cortex-a72.cortex-a53;-march=armv8-a+crc;-fstack-protector-strong;-O2;-D_FORTIFY_SOURCE=2;-Wformat;-Wformat-security;-Werror=format-security;--sysroot=/home/sunpark/workspace2/SDK_2022.1/sysroots/cortexa72-cortexa53-xilinx-linux
Build flags: ;-O2;-pipe;-g;-feliminate-unused-debug-types;
Id flags:  

The output was:
0


Compilation of the C compiler identification source "CMakeCCompilerId.c" produced "a.out"

The C compiler identification is GNU, found in "/home/sunpark/workspace2/LinuxPbs_KC/MyCppProject/admin/build/CMakeFiles/3.21.1/CompilerIdC/a.out"

Compiling the CXX compiler identification source file "CMakeCXXCompilerId.cpp" succeeded.
Compiler: /home/sunpark/workspace2/SDK_2022.1/sysroots/x86_64-petalinux-linux/usr/bin/aarch64-xilinx-linux/aarch64-xilinx-linux-g++ -mcpu=cortex-a72.cortex-a53;-march=armv8-a+crc;-fstack-protector-strong;-O2;-D_FORTIFY_SOURCE=2;-Wformat;-Wformat-security;-Werror=format-security;--sysroot=/home/sunpark/workspace2/SDK_2022.1/sysroots/cortexa72-cortexa53-xilinx-linux
Build flags: ;-O2;-pipe;-g;-feliminate-unused-debug-types;
Id flags:  

The output was:
0


Compilation of the CXX compiler identification source "CMakeCXXCompilerId.cpp" produced "a.out"

The CXX compiler identification is GNU, found in "/home/sunpark/workspace2/LinuxPbs_KC/MyCppProject/admin/build/CMakeFiles/3.21.1/CompilerIdCXX/a.out"

Detecting C compiler ABI info compiled with the following output:
Change Dir: /home/sunpark/workspace2/LinuxPbs_KC/MyCppProject/admin/build/CMakeFiles/CMakeTmp

Run Build Command(s):/usr/bin/make -f Makefile cmTC_fe406/fast && /usr/bin/make  -f CMakeFiles/cmTC_fe406.dir/build.make CMakeFiles/cmTC_fe406.dir/build
make[1]: Entering directory '/home/sunpark/workspace2/LinuxPbs_KC/MyCppProject/admin/build/CMakeFiles/CMakeTmp'
Building C object CMakeFiles/cmTC_fe406.dir/CMakeCCompilerABI.c.o
/home/sunpark/workspace2/SDK_2022.1/sysroots/x86_64-petalinux-linux/usr/bin/aarch64-xilinx-linux/aarch64-xilinx-linux-gcc   -mcpu=cortex-a72.cortex-a53 -march=armv8-a+crc -fstack-protector-strong  -O2 -D_FORTIFY_SOURCE=2 -Wformat -Wformat-security -Werror=format-security --sysroot=/home/sunpark/workspace2/SDK_2022.1/sysroots/cortexa72-cortexa53-xilinx-linux --sysroot=/home/sunpark/workspace2/SDK_2022.1/sysroots/cortexa72-cortexa53-xilinx-linux   -O2 -pipe -g -feliminate-unused-debug-types     -v -o CMakeFiles/cmTC_fe406.dir/CMakeCCompilerABI.c.o -c /home/sunpark/workspace2/SDK_2022.1/sysroots/x86_64-petalinux-linux/usr/share/cmake-3.21/Modules/CMakeCCompilerABI.c
Using built-in specs.
COLLECT_GCC=/home/sunpark/workspace2/SDK_2022.1/sysroots/x86_64-petalinux-linux/usr/bin/aarch64-xilinx-linux/aarch64-xilinx-linux-gcc
Target: aarch64-xilinx-linux
Configured with: ../../../../../../work-shared/gcc-11.2.0-r0/gcc-11.2.0/configure --build=x86_64-linux --host=x86_64-petalinux-linux --target=aarch64-xilinx-linux --prefix=/usr/local/oe-sdk-hardcoded-buildpath/sysroots/x86_64-petalinux-linux/usr --exec_prefix=/usr/local/oe-sdk-hardcoded-buildpath/sysroots/x86_64-petalinux-linux/usr --bindir=/usr/local/oe-sdk-hardcoded-buildpath/sysroots/x86_64-petalinux-linux/usr/bin/aarch64-xilinx-linux --sbindir=/usr/local/oe-sdk-hardcoded-buildpath/sysroots/x86_64-petalinux-linux/usr/bin/aarch64-xilinx-linux --libexecdir=/usr/local/oe-sdk-hardcoded-buildpath/sysroots/x86_64-petalinux-linux/usr/libexec/aarch64-xilinx-linux --datadir=/usr/local/oe-sdk-hardcoded-buildpath/sysroots/x86_64-petalinux-linux/usr/share --sysconfdir=/usr/local/oe-sdk-hardcoded-buildpath/sysroots/x86_64-petalinux-linux/etc --sharedstatedir=/usr/local/oe-sdk-hardcoded-buildpath/sysroots/x86_64-petalinux-linux/com --localstatedir=/usr/local/oe-sdk-hardcoded-buildpath/sysroots/x86_64-petalinux-linux/var --libdir=/usr/local/oe-sdk-hardcoded-buildpath/sysroots/x86_64-petalinux-linux/usr/lib/aarch64-xilinx-linux --includedir=/usr/local/oe-sdk-hardcoded-buildpath/sysroots/x86_64-petalinux-linux/usr/include --oldincludedir=/usr/local/oe-sdk-hardcoded-buildpath/sysroots/x86_64-petalinux-linux/usr/include --infodir=/usr/local/oe-sdk-hardcoded-buildpath/sysroots/x86_64-petalinux-linux/usr/share/info --mandir=/usr/local/oe-sdk-hardcoded-buildpath/sysroots/x86_64-petalinux-linux/usr/share/man --disable-silent-rules --disable-dependency-tracking --with-libtool-sysroot=/media/zibo/data/heyang/tmp/work/x86_64-nativesdk-petalinux-linux/gcc-cross-canadian-aarch64/11.2.0-r0/recipe-sysroot --with-gnu-ld --enable-shared --enable-languages=c,c++,fortran --enable-threads=posix --enable-multilib --enable-default-pie --enable-c99 --enable-long-long --enable-symvers=gnu --enable-libstdcxx-pch --program-prefix=aarch64-xilinx-linux- --without-local-prefix --disable-install-libiberty --disable-libssp --enable-libitm --enable-lto --disable-bootstrap --with-system-zlib --with-linker-hash-style=gnu --enable-linker-build-id --with-ppl=no --with-cloog=no --enable-checking=release --enable-cheaders=c_global --without-isl --with-gxx-include-dir=/not/exist/usr/include/c++/11.2.0 --with-build-time-tools=/media/zibo/data/heyang/tmp/work/x86_64-nativesdk-petalinux-linux/gcc-cross-canadian-aarch64/11.2.0-r0/recipe-sysroot-native/usr/aarch64-xilinx-linux/bin --with-sysroot=/not/exist --with-build-sysroot=/media/zibo/data/heyang/tmp/work/x86_64-nativesdk-petalinux-linux/gcc-cross-canadian-aarch64/11.2.0-r0/recipe-sysroot --enable-standard-branch-protection --enable-poison-system-directories --disable-static --enable-nls --with-glibc-version=2.28 --enable-initfini-array --enable-__cxa_atexit
Thread model: posix
Supported LTO compression algorithms: zlib zstd
gcc version 11.2.0 (GCC) 
COLLECT_GCC_OPTIONS='--sysroot=/home/sunpark/workspace2/SDK_2022.1/sysroots/cortexa72-cortexa53-xilinx-linux' '-mcpu=cortex-a72.cortex-a53' '-march=armv8-a+crc' '-fstack-protector-strong' '-O2' '-D' '_FORTIFY_SOURCE=2' '-Wformat=1' '-Wformat-security' '-Werror=format-security' '-O2' '-pipe' '-g' '-feliminate-unused-debug-types' '-v' '-o' 'CMakeFiles/cmTC_fe406.dir/CMakeCCompilerABI.c.o' '-c' '-mlittle-endian' '-mabi=lp64' '-dumpdir' 'CMakeFiles/cmTC_fe406.dir/'
 /home/sunpark/workspace2/SDK_2022.1/sysroots/x86_64-petalinux-linux/usr/libexec/aarch64-xilinx-linux/gcc/aarch64-xilinx-linux/11.2.0/cc1 -quiet -v -isysroot /home/sunpark/workspace2/SDK_2022.1/sysroots/cortexa72-cortexa53-xilinx-linux -D _FORTIFY_SOURCE=2 /home/sunpark/workspace2/SDK_2022.1/sysroots/x86_64-petalinux-linux/usr/share/cmake-3.21/Modules/CMakeCCompilerABI.c -quiet -dumpdir CMakeFiles/cmTC_fe406.dir/ -dumpbase CMakeCCompilerABI.c.c -dumpbase-ext .c -mcpu=cortex-a72.cortex-a53 -march=armv8-a+crc -mlittle-endian -mabi=lp64 -g -O2 -O2 -Wformat=1 -Wformat-security -Werror=format-security -version -fstack-protector-strong -feliminate-unused-debug-types -o - |
 /home/sunpark/workspace2/SDK_2022.1/sysroots/x86_64-petalinux-linux/usr/libexec/aarch64-xilinx-linux/gcc/aarch64-xilinx-linux/11.2.0/as -v --gdwarf-5 -EL -march=armv8-a+crc -march=armv8-a+crc -mabi=lp64 -o CMakeFiles/cmTC_fe406.dir/CMakeCCompilerABI.c.o
GNU assembler version 2.37 (aarch64-xilinx-linux) using BFD version (GNU Binutils) 2.37.20210721
GNU C17 (GCC) version 11.2.0 (aarch64-xilinx-linux)
	compiled by GNU C version 11.2.0, GMP version 6.2.1, MPFR version 4.1.0, MPC version 1.2.1, isl version none
GGC heuristics: --param ggc-min-expand=100 --param ggc-min-heapsize=131072
ignoring nonexistent directory "/home/sunpark/workspace2/SDK_2022.1/sysroots/x86_64-petalinux-linux/usr/lib/aarch64-xilinx-linux/gcc/aarch64-xilinx-linux/11.2.0/../../../../../aarch64-xilinx-linux/include"
#include "..." search starts here:
#include <...> search starts here:
 /home/sunpark/workspace2/SDK_2022.1/sysroots/x86_64-petalinux-linux/usr/lib/aarch64-xilinx-linux/gcc/aarch64-xilinx-linux/11.2.0/include
 /home/sunpark/workspace2/SDK_2022.1/sysroots/cortexa72-cortexa53-xilinx-linux/usr/lib/aarch64-xilinx-linux/11.2.0/include
 /home/sunpark/workspace2/SDK_2022.1/sysroots/cortexa72-cortexa53-xilinx-linux/usr/local/include
 /home/sunpark/workspace2/SDK_2022.1/sysroots/x86_64-petalinux-linux/usr/lib/aarch64-xilinx-linux/gcc/aarch64-xilinx-linux/11.2.0/include-fixed
 /home/sunpark/workspace2/SDK_2022.1/sysroots/cortexa72-cortexa53-xilinx-linux/usr/include/
End of search list.
GNU C17 (GCC) version 11.2.0 (aarch64-xilinx-linux)
	compiled by GNU C version 11.2.0, GMP version 6.2.1, MPFR version 4.1.0, MPC version 1.2.1, isl version none
GGC heuristics: --param ggc-min-expand=100 --param ggc-min-heapsize=131072
Compiler executable checksum: 303d5c2aab8003f923361e00aa051512
COMPILER_PATH=/home/sunpark/workspace2/SDK_2022.1/sysroots/x86_64-petalinux-linux/usr/libexec/aarch64-xilinx-linux/gcc/aarch64-xilinx-linux/11.2.0/:/home/sunpark/workspace2/SDK_2022.1/sysroots/x86_64-petalinux-linux/usr/libexec/aarch64-xilinx-linux/gcc/aarch64-xilinx-linux/11.2.0/:/home/sunpark/workspace2/SDK_2022.1/sysroots/x86_64-petalinux-linux/usr/libexec/aarch64-xilinx-linux/gcc/aarch64-xilinx-linux/:/home/sunpark/workspace2/SDK_2022.1/sysroots/x86_64-petalinux-linux/usr/lib/aarch64-xilinx-linux/gcc/aarch64-xilinx-linux/11.2.0/:/home/sunpark/workspace2/SDK_2022.1/sysroots/x86_64-petalinux-linux/usr/lib/aarch64-xilinx-linux/gcc/aarch64-xilinx-linux/
LIBRARY_PATH=/home/sunpark/workspace2/SDK_2022.1/sysroots/x86_64-petalinux-linux/usr/lib/aarch64-xilinx-linux/gcc/aarch64-xilinx-linux/11.2.0/:/home/sunpark/workspace2/SDK_2022.1/sysroots/cortexa72-cortexa53-xilinx-linux/lib/:/home/sunpark/workspace2/SDK_2022.1/sysroots/cortexa72-cortexa53-xilinx-linux/usr/lib/aarch64-xilinx-linux/11.2.0/:/home/sunpark/workspace2/SDK_2022.1/sysroots/cortexa72-cortexa53-xilinx-linux/usr/lib/
COLLECT_GCC_OPTIONS='--sysroot=/home/sunpark/workspace2/SDK_2022.1/sysroots/cortexa72-cortexa53-xilinx-linux' '-mcpu=cortex-a72.cortex-a53' '-march=armv8-a+crc' '-fstack-protector-strong' '-O2' '-D' '_FORTIFY_SOURCE=2' '-Wformat=1' '-Wformat-security' '-Werror=format-security' '-O2' '-pipe' '-g' '-feliminate-unused-debug-types' '-v' '-o' 'CMakeFiles/cmTC_fe406.dir/CMakeCCompilerABI.c.o' '-c' '-mlittle-endian' '-mabi=lp64' '-dumpdir' 'CMakeFiles/cmTC_fe406.dir/CMakeCCompilerABI.c.'
Linking C executable cmTC_fe406
/home/sunpark/workspace2/SDK_2022.1/sysroots/x86_64-petalinux-linux/usr/bin/cmake -E cmake_link_script CMakeFiles/cmTC_fe406.dir/link.txt --verbose=1
/home/sunpark/workspace2/SDK_2022.1/sysroots/x86_64-petalinux-linux/usr/bin/aarch64-xilinx-linux/aarch64-xilinx-linux-gcc   -mcpu=cortex-a72.cortex-a53 -march=armv8-a+crc -fstack-protector-strong  -O2 -D_FORTIFY_SOURCE=2 -Wformat -Wformat-security -Werror=format-security --sysroot=/home/sunpark/workspace2/SDK_2022.1/sysroots/cortexa72-cortexa53-xilinx-linux --sysroot=/home/sunpark/workspace2/SDK_2022.1/sysroots/cortexa72-cortexa53-xilinx-linux  -O2 -pipe -g -feliminate-unused-debug-types   -Wl,-O1 -Wl,--hash-style=gnu -Wl,--as-needed  -Wl,-z,relro,-z,now -v CMakeFiles/cmTC_fe406.dir/CMakeCCompilerABI.c.o -o cmTC_fe406 
Using built-in specs.
COLLECT_GCC=/home/sunpark/workspace2/SDK_2022.1/sysroots/x86_64-petalinux-linux/usr/bin/aarch64-xilinx-linux/aarch64-xilinx-linux-gcc
COLLECT_LTO_WRAPPER=/home/sunpark/workspace2/SDK_2022.1/sysroots/x86_64-petalinux-linux/usr/libexec/aarch64-xilinx-linux/gcc/aarch64-xilinx-linux/11.2.0/lto-wrapper
Target: aarch64-xilinx-linux
Configured with: ../../../../../../work-shared/gcc-11.2.0-r0/gcc-11.2.0/configure --build=x86_64-linux --host=x86_64-petalinux-linux --target=aarch64-xilinx-linux --prefix=/usr/local/oe-sdk-hardcoded-buildpath/sysroots/x86_64-petalinux-linux/usr --exec_prefix=/usr/local/oe-sdk-hardcoded-buildpath/sysroots/x86_64-petalinux-linux/usr --bindir=/usr/local/oe-sdk-hardcoded-buildpath/sysroots/x86_64-petalinux-linux/usr/bin/aarch64-xilinx-linux --sbindir=/usr/local/oe-sdk-hardcoded-buildpath/sysroots/x86_64-petalinux-linux/usr/bin/aarch64-xilinx-linux --libexecdir=/usr/local/oe-sdk-hardcoded-buildpath/sysroots/x86_64-petalinux-linux/usr/libexec/aarch64-xilinx-linux --datadir=/usr/local/oe-sdk-hardcoded-buildpath/sysroots/x86_64-petalinux-linux/usr/share --sysconfdir=/usr/local/oe-sdk-hardcoded-buildpath/sysroots/x86_64-petalinux-linux/etc --sharedstatedir=/usr/local/oe-sdk-hardcoded-buildpath/sysroots/x86_64-petalinux-linux/com --localstatedir=/usr/local/oe-sdk-hardcoded-buildpath/sysroots/x86_64-petalinux-linux/var --libdir=/usr/local/oe-sdk-hardcoded-buildpath/sysroots/x86_64-petalinux-linux/usr/lib/aarch64-xilinx-linux --includedir=/usr/local/oe-sdk-hardcoded-buildpath/sysroots/x86_64-petalinux-linux/usr/include --oldincludedir=/usr/local/oe-sdk-hardcoded-buildpath/sysroots/x86_64-petalinux-linux/usr/include --infodir=/usr/local/oe-sdk-hardcoded-buildpath/sysroots/x86_64-petalinux-linux/usr/share/info --mandir=/usr/local/oe-sdk-hardcoded-buildpath/sysroots/x86_64-petalinux-linux/usr/share/man --disable-silent-rules --disable-dependency-tracking --with-libtool-sysroot=/media/zibo/data/heyang/tmp/work/x86_64-nativesdk-petalinux-linux/gcc-cross-canadian-aarch64/11.2.0-r0/recipe-sysroot --with-gnu-ld --enable-shared --enable-languages=c,c++,fortran --enable-threads=posix --enable-multilib --enable-default-pie --enable-c99 --enable-long-long --enable-symvers=gnu --enable-libstdcxx-pch --program-prefix=aarch64-xilinx-linux- --without-local-prefix --disable-install-libiberty --disable-libssp --enable-libitm --enable-lto --disable-bootstrap --with-system-zlib --with-linker-hash-style=gnu --enable-linker-build-id --with-ppl=no --with-cloog=no --enable-checking=release --enable-cheaders=c_global --without-isl --with-gxx-include-dir=/not/exist/usr/include/c++/11.2.0 --with-build-time-tools=/media/zibo/data/heyang/tmp/work/x86_64-nativesdk-petalinux-linux/gcc-cross-canadian-aarch64/11.2.0-r0/recipe-sysroot-native/usr/aarch64-xilinx-linux/bin --with-sysroot=/not/exist --with-build-sysroot=/media/zibo/data/heyang/tmp/work/x86_64-nativesdk-petalinux-linux/gcc-cross-canadian-aarch64/11.2.0-r0/recipe-sysroot --enable-standard-branch-protection --enable-poison-system-directories --disable-static --enable-nls --with-glibc-version=2.28 --enable-initfini-array --enable-__cxa_atexit
Thread model: posix
Supported LTO compression algorithms: zlib zstd
gcc version 11.2.0 (GCC) 
COMPILER_PATH=/home/sunpark/workspace2/SDK_2022.1/sysroots/x86_64-petalinux-linux/usr/libexec/aarch64-xilinx-linux/gcc/aarch64-xilinx-linux/11.2.0/:/home/sunpark/workspace2/SDK_2022.1/sysroots/x86_64-petalinux-linux/usr/libexec/aarch64-xilinx-linux/gcc/aarch64-xilinx-linux/11.2.0/:/home/sunpark/workspace2/SDK_2022.1/sysroots/x86_64-petalinux-linux/usr/libexec/aarch64-xilinx-linux/gcc/aarch64-xilinx-linux/:/home/sunpark/workspace2/SDK_2022.1/sysroots/x86_64-petalinux-linux/usr/lib/aarch64-xilinx-linux/gcc/aarch64-xilinx-linux/11.2.0/:/home/sunpark/workspace2/SDK_2022.1/sysroots/x86_64-petalinux-linux/usr/lib/aarch64-xilinx-linux/gcc/aarch64-xilinx-linux/
LIBRARY_PATH=/home/sunpark/workspace2/SDK_2022.1/sysroots/x86_64-petalinux-linux/usr/lib/aarch64-xilinx-linux/gcc/aarch64-xilinx-linux/11.2.0/:/home/sunpark/workspace2/SDK_2022.1/sysroots/cortexa72-cortexa53-xilinx-linux/lib/:/home/sunpark/workspace2/SDK_2022.1/sysroots/cortexa72-cortexa53-xilinx-linux/usr/lib/aarch64-xilinx-linux/11.2.0/:/home/sunpark/workspace2/SDK_2022.1/sysroots/cortexa72-cortexa53-xilinx-linux/usr/lib/
COLLECT_GCC_OPTIONS='--sysroot=/home/sunpark/workspace2/SDK_2022.1/sysroots/cortexa72-cortexa53-xilinx-linux' '-mcpu=cortex-a72.cortex-a53' '-march=armv8-a+crc' '-fstack-protector-strong' '-O2' '-D' '_FORTIFY_SOURCE=2' '-Wformat=1' '-Wformat-security' '-Werror=format-security' '-O2' '-pipe' '-g' '-feliminate-unused-debug-types' '-v' '-o' 'cmTC_fe406' '-mlittle-endian' '-mabi=lp64' '-dumpdir' 'cmTC_fe406.'
 /home/sunpark/workspace2/SDK_2022.1/sysroots/x86_64-petalinux-linux/usr/libexec/aarch64-xilinx-linux/gcc/aarch64-xilinx-linux/11.2.0/collect2 -plugin /home/sunpark/workspace2/SDK_2022.1/sysroots/x86_64-petalinux-linux/usr/libexec/aarch64-xilinx-linux/gcc/aarch64-xilinx-linux/11.2.0/liblto_plugin.so -plugin-opt=/home/sunpark/workspace2/SDK_2022.1/sysroots/x86_64-petalinux-linux/usr/libexec/aarch64-xilinx-linux/gcc/aarch64-xilinx-linux/11.2.0/lto-wrapper -plugin-opt=-fresolution=/tmp/ccknkQfC.res -plugin-opt=-pass-through=-lgcc -plugin-opt=-pass-through=-lgcc_s -plugin-opt=-pass-through=-lc -plugin-opt=-pass-through=-lgcc -plugin-opt=-pass-through=-lgcc_s --sysroot=/home/sunpark/workspace2/SDK_2022.1/sysroots/cortexa72-cortexa53-xilinx-linux --build-id --eh-frame-hdr --hash-style=gnu -dynamic-linker /lib/ld-linux-aarch64.so.1 -X -EL -maarch64linux -pie -o cmTC_fe406 /home/sunpark/workspace2/SDK_2022.1/sysroots/cortexa72-cortexa53-xilinx-linux/usr/lib/Scrt1.o /home/sunpark/workspace2/SDK_2022.1/sysroots/cortexa72-cortexa53-xilinx-linux/usr/lib/crti.o /home/sunpark/workspace2/SDK_2022.1/sysroots/cortexa72-cortexa53-xilinx-linux/usr/lib/aarch64-xilinx-linux/11.2.0/crtbeginS.o -L/home/sunpark/workspace2/SDK_2022.1/sysroots/x86_64-petalinux-linux/usr/lib/aarch64-xilinx-linux/gcc/aarch64-xilinx-linux/11.2.0 -L/home/sunpark/workspace2/SDK_2022.1/sysroots/cortexa72-cortexa53-xilinx-linux/lib -L/home/sunpark/workspace2/SDK_2022.1/sysroots/cortexa72-cortexa53-xilinx-linux/usr/lib/aarch64-xilinx-linux/11.2.0 -L/home/sunpark/workspace2/SDK_2022.1/sysroots/cortexa72-cortexa53-xilinx-linux/usr/lib -O1 --hash-style=gnu --as-needed -z relro -z now CMakeFiles/cmTC_fe406.dir/CMakeCCompilerABI.c.o -lgcc --push-state --as-needed -lgcc_s --pop-state -lc -lgcc --push-state --as-needed -lgcc_s --pop-state /home/sunpark/workspace2/SDK_2022.1/sysroots/cortexa72-cortexa53-xilinx-linux/usr/lib/aarch64-xilinx-linux/11.2.0/crtendS.o /home/sunpark/workspace2/SDK_2022.1/sysroots/cortexa72-cortexa53-xilinx-linux/usr/lib/crtn.o
COLLECT_GCC_OPTIONS='--sysroot=/home/sunpark/workspace2/SDK_2022.1/sysroots/cortexa72-cortexa53-xilinx-linux' '-mcpu=cortex-a72.cortex-a53' '-march=armv8-a+crc' '-fstack-protector-strong' '-O2' '-D' '_FORTIFY_SOURCE=2' '-Wformat=1' '-Wformat-security' '-Werror=format-security' '-O2' '-pipe' '-g' '-feliminate-unused-debug-types' '-v' '-o' 'cmTC_fe406' '-mlittle-endian' '-mabi=lp64' '-dumpdir' 'cmTC_fe406.'
make[1]: Leaving directory '/home/sunpark/workspace2/LinuxPbs_KC/MyCppProject/admin/build/CMakeFiles/CMakeTmp'



Parsed C implicit include dir info from above output: rv=done
  found start of include info
  found start of implicit include info
    add: [/home/sunpark/workspace2/SDK_2022.1/sysroots/x86_64-petalinux-linux/usr/lib/aarch64-xilinx-linux/gcc/aarch64-xilinx-linux/11.2.0/include]
    add: [/home/sunpark/workspace2/SDK_2022.1/sysroots/cortexa72-cortexa53-xilinx-linux/usr/lib/aarch64-xilinx-linux/11.2.0/include]
    add: [/home/sunpark/workspace2/SDK_2022.1/sysroots/cortexa72-cortexa53-xilinx-linux/usr/local/include]
    add: [/home/sunpark/workspace2/SDK_2022.1/sysroots/x86_64-petalinux-linux/usr/lib/aarch64-xilinx-linux/gcc/aarch64-xilinx-linux/11.2.0/include-fixed]
    add: [/home/sunpark/workspace2/SDK_2022.1/sysroots/cortexa72-cortexa53-xilinx-linux/usr/include/]
  end of search list found
  collapse include dir [/home/sunpark/workspace2/SDK_2022.1/sysroots/x86_64-petalinux-linux/usr/lib/aarch64-xilinx-linux/gcc/aarch64-xilinx-linux/11.2.0/include] ==> [/home/sunpark/workspace2/SDK_2022.1/sysroots/x86_64-petalinux-linux/usr/lib/aarch64-xilinx-linux/gcc/aarch64-xilinx-linux/11.2.0/include]
  collapse include dir [/home/sunpark/workspace2/SDK_2022.1/sysroots/cortexa72-cortexa53-xilinx-linux/usr/lib/aarch64-xilinx-linux/11.2.0/include] ==> [/home/sunpark/workspace2/SDK_2022.1/sysroots/cortexa72-cortexa53-xilinx-linux/usr/lib/aarch64-xilinx-linux/11.2.0/include]
  collapse include dir [/home/sunpark/workspace2/SDK_2022.1/sysroots/cortexa72-cortexa53-xilinx-linux/usr/local/include] ==> [/home/sunpark/workspace2/SDK_2022.1/sysroots/cortexa72-cortexa53-xilinx-linux/usr/local/include]
  collapse include dir [/home/sunpark/workspace2/SDK_2022.1/sysroots/x86_64-petalinux-linux/usr/lib/aarch64-xilinx-linux/gcc/aarch64-xilinx-linux/11.2.0/include-fixed] ==> [/home/sunpark/workspace2/SDK_2022.1/sysroots/x86_64-petalinux-linux/usr/lib/aarch64-xilinx-linux/gcc/aarch64-xilinx-linux/11.2.0/include-fixed]
  collapse include dir [/home/sunpark/workspace2/SDK_2022.1/sysroots/cortexa72-cortexa53-xilinx-linux/usr/include/] ==> [/home/sunpark/workspace2/SDK_2022.1/sysroots/cortexa72-cortexa53-xilinx-linux/usr/include]
  implicit include dirs: [/home/sunpark/workspace2/SDK_2022.1/sysroots/x86_64-petalinux-linux/usr/lib/aarch64-xilinx-linux/gcc/aarch64-xilinx-linux/11.2.0/include;/home/sunpark/workspace2/SDK_2022.1/sysroots/cortexa72-cortexa53-xilinx-linux/usr/lib/aarch64-xilinx-linux/11.2.0/include;/home/sunpark/workspace2/SDK_2022.1/sysroots/cortexa72-cortexa53-xilinx-linux/usr/local/include;/home/sunpark/workspace2/SDK_2022.1/sysroots/x86_64-petalinux-linux/usr/lib/aarch64-xilinx-linux/gcc/aarch64-xilinx-linux/11.2.0/include-fixed;/home/sunpark/workspace2/SDK_2022.1/sysroots/cortexa72-cortexa53-xilinx-linux/usr/include]


Parsed C implicit link information from above output:
  link line regex: [^( *|.*[/\])(aarch64-xilinx-linux-ld|CMAKE_LINK_STARTFILE-NOTFOUND|([^/\]+-)?ld|collect2)[^/\]*( |$)]
  ignore line: [Change Dir: /home/sunpark/workspace2/LinuxPbs_KC/MyCppProject/admin/build/CMakeFiles/CMakeTmp]
  ignore line: []
  ignore line: [Run Build Command(s):/usr/bin/make -f Makefile cmTC_fe406/fast && /usr/bin/make  -f CMakeFiles/cmTC_fe406.dir/build.make CMakeFiles/cmTC_fe406.dir/build]
  ignore line: [make[1]: Entering directory '/home/sunpark/workspace2/LinuxPbs_KC/MyCppProject/admin/build/CMakeFiles/CMakeTmp']
  ignore line: [Building C object CMakeFiles/cmTC_fe406.dir/CMakeCCompilerABI.c.o]
  ignore line: [/home/sunpark/workspace2/SDK_2022.1/sysroots/x86_64-petalinux-linux/usr/bin/aarch64-xilinx-linux/aarch64-xilinx-linux-gcc   -mcpu=cortex-a72.cortex-a53 -march=armv8-a+crc -fstack-protector-strong  -O2 -D_FORTIFY_SOURCE=2 -Wformat -Wformat-security -Werror=format-security --sysroot=/home/sunpark/workspace2/SDK_2022.1/sysroots/cortexa72-cortexa53-xilinx-linux --sysroot=/home/sunpark/workspace2/SDK_2022.1/sysroots/cortexa72-cortexa53-xilinx-linux   -O2 -pipe -g -feliminate-unused-debug-types     -v -o CMakeFiles/cmTC_fe406.dir/CMakeCCompilerABI.c.o -c /home/sunpark/workspace2/SDK_2022.1/sysroots/x86_64-petalinux-linux/usr/share/cmake-3.21/Modules/CMakeCCompilerABI.c]
  ignore line: [Using built-in specs.]
  ignore line: [COLLECT_GCC=/home/sunpark/workspace2/SDK_2022.1/sysroots/x86_64-petalinux-linux/usr/bin/aarch64-xilinx-linux/aarch64-xilinx-linux-gcc]
  ignore line: [Target: aarch64-xilinx-linux]
  ignore line: [Configured with: ../../../../../../work-shared/gcc-11.2.0-r0/gcc-11.2.0/configure --build=x86_64-linux --host=x86_64-petalinux-linux --target=aarch64-xilinx-linux --prefix=/usr/local/oe-sdk-hardcoded-buildpath/sysroots/x86_64-petalinux-linux/usr --exec_prefix=/usr/local/oe-sdk-hardcoded-buildpath/sysroots/x86_64-petalinux-linux/usr --bindir=/usr/local/oe-sdk-hardcoded-buildpath/sysroots/x86_64-petalinux-linux/usr/bin/aarch64-xilinx-linux --sbindir=/usr/local/oe-sdk-hardcoded-buildpath/sysroots/x86_64-petalinux-linux/usr/bin/aarch64-xilinx-linux --libexecdir=/usr/local/oe-sdk-hardcoded-buildpath/sysroots/x86_64-petalinux-linux/usr/libexec/aarch64-xilinx-linux --datadir=/usr/local/oe-sdk-hardcoded-buildpath/sysroots/x86_64-petalinux-linux/usr/share --sysconfdir=/usr/local/oe-sdk-hardcoded-buildpath/sysroots/x86_64-petalinux-linux/etc --sharedstatedir=/usr/local/oe-sdk-hardcoded-buildpath/sysroots/x86_64-petalinux-linux/com --localstatedir=/usr/local/oe-sdk-hardcoded-buildpath/sysroots/x86_64-petalinux-linux/var --libdir=/usr/local/oe-sdk-hardcoded-buildpath/sysroots/x86_64-petalinux-linux/usr/lib/aarch64-xilinx-linux --includedir=/usr/local/oe-sdk-hardcoded-buildpath/sysroots/x86_64-petalinux-linux/usr/include --oldincludedir=/usr/local/oe-sdk-hardcoded-buildpath/sysroots/x86_64-petalinux-linux/usr/include --infodir=/usr/local/oe-sdk-hardcoded-buildpath/sysroots/x86_64-petalinux-linux/usr/share/info --mandir=/usr/local/oe-sdk-hardcoded-buildpath/sysroots/x86_64-petalinux-linux/usr/share/man --disable-silent-rules --disable-dependency-tracking --with-libtool-sysroot=/media/zibo/data/heyang/tmp/work/x86_64-nativesdk-petalinux-linux/gcc-cross-canadian-aarch64/11.2.0-r0/recipe-sysroot --with-gnu-ld --enable-shared --enable-languages=c,c++,fortran --enable-threads=posix --enable-multilib --enable-default-pie --enable-c99 --enable-long-long --enable-symvers=gnu --enable-libstdcxx-pch --program-prefix=aarch64-xilinx-linux- --without-local-prefix --disable-install-libiberty --disable-libssp --enable-libitm --enable-lto --disable-bootstrap --with-system-zlib --with-linker-hash-style=gnu --enable-linker-build-id --with-ppl=no --with-cloog=no --enable-checking=release --enable-cheaders=c_global --without-isl --with-gxx-include-dir=/not/exist/usr/include/c++/11.2.0 --with-build-time-tools=/media/zibo/data/heyang/tmp/work/x86_64-nativesdk-petalinux-linux/gcc-cross-canadian-aarch64/11.2.0-r0/recipe-sysroot-native/usr/aarch64-xilinx-linux/bin --with-sysroot=/not/exist --with-build-sysroot=/media/zibo/data/heyang/tmp/work/x86_64-nativesdk-petalinux-linux/gcc-cross-canadian-aarch64/11.2.0-r0/recipe-sysroot --enable-standard-branch-protection --enable-poison-system-directories --disable-static --enable-nls --with-glibc-version=2.28 --enable-initfini-array --enable-__cxa_atexit]
  ignore line: [Thread model: posix]
  ignore line: [Supported LTO compression algorithms: zlib zstd]
  ignore line: [gcc version 11.2.0 (GCC) ]
  ignore line: [COLLECT_GCC_OPTIONS='--sysroot=/home/sunpark/workspace2/SDK_2022.1/sysroots/cortexa72-cortexa53-xilinx-linux' '-mcpu=cortex-a72.cortex-a53' '-march=armv8-a+crc' '-fstack-protector-strong' '-O2' '-D' '_FORTIFY_SOURCE=2' '-Wformat=1' '-Wformat-security' '-Werror=format-security' '-O2' '-pipe' '-g' '-feliminate-unused-debug-types' '-v' '-o' 'CMakeFiles/cmTC_fe406.dir/CMakeCCompilerABI.c.o' '-c' '-mlittle-endian' '-mabi=lp64' '-dumpdir' 'CMakeFiles/cmTC_fe406.dir/']
  ignore line: [ /home/sunpark/workspace2/SDK_2022.1/sysroots/x86_64-petalinux-linux/usr/libexec/aarch64-xilinx-linux/gcc/aarch64-xilinx-linux/11.2.0/cc1 -quiet -v -isysroot /home/sunpark/workspace2/SDK_2022.1/sysroots/cortexa72-cortexa53-xilinx-linux -D _FORTIFY_SOURCE=2 /home/sunpark/workspace2/SDK_2022.1/sysroots/x86_64-petalinux-linux/usr/share/cmake-3.21/Modules/CMakeCCompilerABI.c -quiet -dumpdir CMakeFiles/cmTC_fe406.dir/ -dumpbase CMakeCCompilerABI.c.c -dumpbase-ext .c -mcpu=cortex-a72.cortex-a53 -march=armv8-a+crc -mlittle-endian -mabi=lp64 -g -O2 -O2 -Wformat=1 -Wformat-security -Werror=format-security -version -fstack-protector-strong -feliminate-unused-debug-types -o - |]
  ignore line: [ /home/sunpark/workspace2/SDK_2022.1/sysroots/x86_64-petalinux-linux/usr/libexec/aarch64-xilinx-linux/gcc/aarch64-xilinx-linux/11.2.0/as -v --gdwarf-5 -EL -march=armv8-a+crc -march=armv8-a+crc -mabi=lp64 -o CMakeFiles/cmTC_fe406.dir/CMakeCCompilerABI.c.o]
  ignore line: [GNU assembler version 2.37 (aarch64-xilinx-linux) using BFD version (GNU Binutils) 2.37.20210721]
  ignore line: [GNU C17 (GCC) version 11.2.0 (aarch64-xilinx-linux)]
  ignore line: [	compiled by GNU C version 11.2.0  GMP version 6.2.1  MPFR version 4.1.0  MPC version 1.2.1  isl version none]
  ignore line: [GGC heuristics: --param ggc-min-expand=100 --param ggc-min-heapsize=131072]
  ignore line: [ignoring nonexistent directory "/home/sunpark/workspace2/SDK_2022.1/sysroots/x86_64-petalinux-linux/usr/lib/aarch64-xilinx-linux/gcc/aarch64-xilinx-linux/11.2.0/../../../../../aarch64-xilinx-linux/include"]
  ignore line: [#include "..." search starts here:]
  ignore line: [#include <...> search starts here:]
  ignore line: [ /home/sunpark/workspace2/SDK_2022.1/sysroots/x86_64-petalinux-linux/usr/lib/aarch64-xilinx-linux/gcc/aarch64-xilinx-linux/11.2.0/include]
  ignore line: [ /home/sunpark/workspace2/SDK_2022.1/sysroots/cortexa72-cortexa53-xilinx-linux/usr/lib/aarch64-xilinx-linux/11.2.0/include]
  ignore line: [ /home/sunpark/workspace2/SDK_2022.1/sysroots/cortexa72-cortexa53-xilinx-linux/usr/local/include]
  ignore line: [ /home/sunpark/workspace2/SDK_2022.1/sysroots/x86_64-petalinux-linux/usr/lib/aarch64-xilinx-linux/gcc/aarch64-xilinx-linux/11.2.0/include-fixed]
  ignore line: [ /home/sunpark/workspace2/SDK_2022.1/sysroots/cortexa72-cortexa53-xilinx-linux/usr/include/]
  ignore line: [End of search list.]
  ignore line: [GNU C17 (GCC) version 11.2.0 (aarch64-xilinx-linux)]
  ignore line: [	compiled by GNU C version 11.2.0  GMP version 6.2.1  MPFR version 4.1.0  MPC version 1.2.1  isl version none]
  ignore line: [GGC heuristics: --param ggc-min-expand=100 --param ggc-min-heapsize=131072]
  ignore line: [Compiler executable checksum: 303d5c2aab8003f923361e00aa051512]
  ignore line: [COMPILER_PATH=/home/sunpark/workspace2/SDK_2022.1/sysroots/x86_64-petalinux-linux/usr/libexec/aarch64-xilinx-linux/gcc/aarch64-xilinx-linux/11.2.0/:/home/sunpark/workspace2/SDK_2022.1/sysroots/x86_64-petalinux-linux/usr/libexec/aarch64-xilinx-linux/gcc/aarch64-xilinx-linux/11.2.0/:/home/sunpark/workspace2/SDK_2022.1/sysroots/x86_64-petalinux-linux/usr/libexec/aarch64-xilinx-linux/gcc/aarch64-xilinx-linux/:/home/sunpark/workspace2/SDK_2022.1/sysroots/x86_64-petalinux-linux/usr/lib/aarch64-xilinx-linux/gcc/aarch64-xilinx-linux/11.2.0/:/home/sunpark/workspace2/SDK_2022.1/sysroots/x86_64-petalinux-linux/usr/lib/aarch64-xilinx-linux/gcc/aarch64-xilinx-linux/]
  ignore line: [LIBRARY_PATH=/home/sunpark/workspace2/SDK_2022.1/sysroots/x86_64-petalinux-linux/usr/lib/aarch64-xilinx-linux/gcc/aarch64-xilinx-linux/11.2.0/:/home/sunpark/workspace2/SDK_2022.1/sysroots/cortexa72-cortexa53-xilinx-linux/lib/:/home/sunpark/workspace2/SDK_2022.1/sysroots/cortexa72-cortexa53-xilinx-linux/usr/lib/aarch64-xilinx-linux/11.2.0/:/home/sunpark/workspace2/SDK_2022.1/sysroots/cortexa72-cortexa53-xilinx-linux/usr/lib/]
  ignore line: [COLLECT_GCC_OPTIONS='--sysroot=/home/sunpark/workspace2/SDK_2022.1/sysroots/cortexa72-cortexa53-xilinx-linux' '-mcpu=cortex-a72.cortex-a53' '-march=armv8-a+crc' '-fstack-protector-strong' '-O2' '-D' '_FORTIFY_SOURCE=2' '-Wformat=1' '-Wformat-security' '-Werror=format-security' '-O2' '-pipe' '-g' '-feliminate-unused-debug-types' '-v' '-o' 'CMakeFiles/cmTC_fe406.dir/CMakeCCompilerABI.c.o' '-c' '-mlittle-endian' '-mabi=lp64' '-dumpdir' 'CMakeFiles/cmTC_fe406.dir/CMakeCCompilerABI.c.']
  ignore line: [Linking C executable cmTC_fe406]
  ignore line: [/home/sunpark/workspace2/SDK_2022.1/sysroots/x86_64-petalinux-linux/usr/bin/cmake -E cmake_link_script CMakeFiles/cmTC_fe406.dir/link.txt --verbose=1]
  ignore line: [/home/sunpark/workspace2/SDK_2022.1/sysroots/x86_64-petalinux-linux/usr/bin/aarch64-xilinx-linux/aarch64-xilinx-linux-gcc   -mcpu=cortex-a72.cortex-a53 -march=armv8-a+crc -fstack-protector-strong  -O2 -D_FORTIFY_SOURCE=2 -Wformat -Wformat-security -Werror=format-security --sysroot=/home/sunpark/workspace2/SDK_2022.1/sysroots/cortexa72-cortexa53-xilinx-linux --sysroot=/home/sunpark/workspace2/SDK_2022.1/sysroots/cortexa72-cortexa53-xilinx-linux  -O2 -pipe -g -feliminate-unused-debug-types   -Wl -O1 -Wl --hash-style=gnu -Wl --as-needed  -Wl -z relro -z now -v CMakeFiles/cmTC_fe406.dir/CMakeCCompilerABI.c.o -o cmTC_fe406 ]
  ignore line: [Using built-in specs.]
  ignore line: [COLLECT_GCC=/home/sunpark/workspace2/SDK_2022.1/sysroots/x86_64-petalinux-linux/usr/bin/aarch64-xilinx-linux/aarch64-xilinx-linux-gcc]
  ignore line: [COLLECT_LTO_WRAPPER=/home/sunpark/workspace2/SDK_2022.1/sysroots/x86_64-petalinux-linux/usr/libexec/aarch64-xilinx-linux/gcc/aarch64-xilinx-linux/11.2.0/lto-wrapper]
  ignore line: [Target: aarch64-xilinx-linux]
  ignore line: [Configured with: ../../../../../../work-shared/gcc-11.2.0-r0/gcc-11.2.0/configure --build=x86_64-linux --host=x86_64-petalinux-linux --target=aarch64-xilinx-linux --prefix=/usr/local/oe-sdk-hardcoded-buildpath/sysroots/x86_64-petalinux-linux/usr --exec_prefix=/usr/local/oe-sdk-hardcoded-buildpath/sysroots/x86_64-petalinux-linux/usr --bindir=/usr/local/oe-sdk-hardcoded-buildpath/sysroots/x86_64-petalinux-linux/usr/bin/aarch64-xilinx-linux --sbindir=/usr/local/oe-sdk-hardcoded-buildpath/sysroots/x86_64-petalinux-linux/usr/bin/aarch64-xilinx-linux --libexecdir=/usr/local/oe-sdk-hardcoded-buildpath/sysroots/x86_64-petalinux-linux/usr/libexec/aarch64-xilinx-linux --datadir=/usr/local/oe-sdk-hardcoded-buildpath/sysroots/x86_64-petalinux-linux/usr/share --sysconfdir=/usr/local/oe-sdk-hardcoded-buildpath/sysroots/x86_64-petalinux-linux/etc --sharedstatedir=/usr/local/oe-sdk-hardcoded-buildpath/sysroots/x86_64-petalinux-linux/com --localstatedir=/usr/local/oe-sdk-hardcoded-buildpath/sysroots/x86_64-petalinux-linux/var --libdir=/usr/local/oe-sdk-hardcoded-buildpath/sysroots/x86_64-petalinux-linux/usr/lib/aarch64-xilinx-linux --includedir=/usr/local/oe-sdk-hardcoded-buildpath/sysroots/x86_64-petalinux-linux/usr/include --oldincludedir=/usr/local/oe-sdk-hardcoded-buildpath/sysroots/x86_64-petalinux-linux/usr/include --infodir=/usr/local/oe-sdk-hardcoded-buildpath/sysroots/x86_64-petalinux-linux/usr/share/info --mandir=/usr/local/oe-sdk-hardcoded-buildpath/sysroots/x86_64-petalinux-linux/usr/share/man --disable-silent-rules --disable-dependency-tracking --with-libtool-sysroot=/media/zibo/data/heyang/tmp/work/x86_64-nativesdk-petalinux-linux/gcc-cross-canadian-aarch64/11.2.0-r0/recipe-sysroot --with-gnu-ld --enable-shared --enable-languages=c,c++,fortran --enable-threads=posix --enable-multilib --enable-default-pie --enable-c99 --enable-long-long --enable-symvers=gnu --enable-libstdcxx-pch --program-prefix=aarch64-xilinx-linux- --without-local-prefix --disable-install-libiberty --disable-libssp --enable-libitm --enable-lto --disable-bootstrap --with-system-zlib --with-linker-hash-style=gnu --enable-linker-build-id --with-ppl=no --with-cloog=no --enable-checking=release --enable-cheaders=c_global --without-isl --with-gxx-include-dir=/not/exist/usr/include/c++/11.2.0 --with-build-time-tools=/media/zibo/data/heyang/tmp/work/x86_64-nativesdk-petalinux-linux/gcc-cross-canadian-aarch64/11.2.0-r0/recipe-sysroot-native/usr/aarch64-xilinx-linux/bin --with-sysroot=/not/exist --with-build-sysroot=/media/zibo/data/heyang/tmp/work/x86_64-nativesdk-petalinux-linux/gcc-cross-canadian-aarch64/11.2.0-r0/recipe-sysroot --enable-standard-branch-protection --enable-poison-system-directories --disable-static --enable-nls --with-glibc-version=2.28 --enable-initfini-array --enable-__cxa_atexit]
  ignore line: [Thread model: posix]
  ignore line: [Supported LTO compression algorithms: zlib zstd]
  ignore line: [gcc version 11.2.0 (GCC) ]
  ignore line: [COMPILER_PATH=/home/sunpark/workspace2/SDK_2022.1/sysroots/x86_64-petalinux-linux/usr/libexec/aarch64-xilinx-linux/gcc/aarch64-xilinx-linux/11.2.0/:/home/sunpark/workspace2/SDK_2022.1/sysroots/x86_64-petalinux-linux/usr/libexec/aarch64-xilinx-linux/gcc/aarch64-xilinx-linux/11.2.0/:/home/sunpark/workspace2/SDK_2022.1/sysroots/x86_64-petalinux-linux/usr/libexec/aarch64-xilinx-linux/gcc/aarch64-xilinx-linux/:/home/sunpark/workspace2/SDK_2022.1/sysroots/x86_64-petalinux-linux/usr/lib/aarch64-xilinx-linux/gcc/aarch64-xilinx-linux/11.2.0/:/home/sunpark/workspace2/SDK_2022.1/sysroots/x86_64-petalinux-linux/usr/lib/aarch64-xilinx-linux/gcc/aarch64-xilinx-linux/]
  ignore line: [LIBRARY_PATH=/home/sunpark/workspace2/SDK_2022.1/sysroots/x86_64-petalinux-linux/usr/lib/aarch64-xilinx-linux/gcc/aarch64-xilinx-linux/11.2.0/:/home/sunpark/workspace2/SDK_2022.1/sysroots/cortexa72-cortexa53-xilinx-linux/lib/:/home/sunpark/workspace2/SDK_2022.1/sysroots/cortexa72-cortexa53-xilinx-linux/usr/lib/aarch64-xilinx-linux/11.2.0/:/home/sunpark/workspace2/SDK_2022.1/sysroots/cortexa72-cortexa53-xilinx-linux/usr/lib/]
  ignore line: [COLLECT_GCC_OPTIONS='--sysroot=/home/sunpark/workspace2/SDK_2022.1/sysroots/cortexa72-cortexa53-xilinx-linux' '-mcpu=cortex-a72.cortex-a53' '-march=armv8-a+crc' '-fstack-protector-strong' '-O2' '-D' '_FORTIFY_SOURCE=2' '-Wformat=1' '-Wformat-security' '-Werror=format-security' '-O2' '-pipe' '-g' '-feliminate-unused-debug-types' '-v' '-o' 'cmTC_fe406' '-mlittle-endian' '-mabi=lp64' '-dumpdir' 'cmTC_fe406.']
  link line: [ /home/sunpark/workspace2/SDK_2022.1/sysroots/x86_64-petalinux-linux/usr/libexec/aarch64-xilinx-linux/gcc/aarch64-xilinx-linux/11.2.0/collect2 -plugin /home/sunpark/workspace2/SDK_2022.1/sysroots/x86_64-petalinux-linux/usr/libexec/aarch64-xilinx-linux/gcc/aarch64-xilinx-linux/11.2.0/liblto_plugin.so -plugin-opt=/home/sunpark/workspace2/SDK_2022.1/sysroots/x86_64-petalinux-linux/usr/libexec/aarch64-xilinx-linux/gcc/aarch64-xilinx-linux/11.2.0/lto-wrapper -plugin-opt=-fresolution=/tmp/ccknkQfC.res -plugin-opt=-pass-through=-lgcc -plugin-opt=-pass-through=-lgcc_s -plugin-opt=-pass-through=-lc -plugin-opt=-pass-through=-lgcc -plugin-opt=-pass-through=-lgcc_s --sysroot=/home/sunpark/workspace2/SDK_2022.1/sysroots/cortexa72-cortexa53-xilinx-linux --build-id --eh-frame-hdr --hash-style=gnu -dynamic-linker /lib/ld-linux-aarch64.so.1 -X -EL -maarch64linux -pie -o cmTC_fe406 /home/sunpark/workspace2/SDK_2022.1/sysroots/cortexa72-cortexa53-xilinx-linux/usr/lib/Scrt1.o /home/sunpark/workspace2/SDK_2022.1/sysroots/cortexa72-cortexa53-xilinx-linux/usr/lib/crti.o /home/sunpark/workspace2/SDK_2022.1/sysroots/cortexa72-cortexa53-xilinx-linux/usr/lib/aarch64-xilinx-linux/11.2.0/crtbeginS.o -L/home/sunpark/workspace2/SDK_2022.1/sysroots/x86_64-petalinux-linux/usr/lib/aarch64-xilinx-linux/gcc/aarch64-xilinx-linux/11.2.0 -L/home/sunpark/workspace2/SDK_2022.1/sysroots/cortexa72-cortexa53-xilinx-linux/lib -L/home/sunpark/workspace2/SDK_2022.1/sysroots/cortexa72-cortexa53-xilinx-linux/usr/lib/aarch64-xilinx-linux/11.2.0 -L/home/sunpark/workspace2/SDK_2022.1/sysroots/cortexa72-cortexa53-xilinx-linux/usr/lib -O1 --hash-style=gnu --as-needed -z relro -z now CMakeFiles/cmTC_fe406.dir/CMakeCCompilerABI.c.o -lgcc --push-state --as-needed -lgcc_s --pop-state -lc -lgcc --push-state --as-needed -lgcc_s --pop-state /home/sunpark/workspace2/SDK_2022.1/sysroots/cortexa72-cortexa53-xilinx-linux/usr/lib/aarch64-xilinx-linux/11.2.0/crtendS.o /home/sunpark/workspace2/SDK_2022.1/sysroots/cortexa72-cortexa53-xilinx-linux/usr/lib/crtn.o]
    arg [/home/sunpark/workspace2/SDK_2022.1/sysroots/x86_64-petalinux-linux/usr/libexec/aarch64-xilinx-linux/gcc/aarch64-xilinx-linux/11.2.0/collect2] ==> ignore
    arg [-plugin] ==> ignore
    arg [/home/sunpark/workspace2/SDK_2022.1/sysroots/x86_64-petalinux-linux/usr/libexec/aarch64-xilinx-linux/gcc/aarch64-xilinx-linux/11.2.0/liblto_plugin.so] ==> ignore
    arg [-plugin-opt=/home/sunpark/workspace2/SDK_2022.1/sysroots/x86_64-petalinux-linux/usr/libexec/aarch64-xilinx-linux/gcc/aarch64-xilinx-linux/11.2.0/lto-wrapper] ==> ignore
    arg [-plugin-opt=-fresolution=/tmp/ccknkQfC.res] ==> ignore
    arg [-plugin-opt=-pass-through=-lgcc] ==> ignore
    arg [-plugin-opt=-pass-through=-lgcc_s] ==> ignore
    arg [-plugin-opt=-pass-through=-lc] ==> ignore
    arg [-plugin-opt=-pass-through=-lgcc] ==> ignore
    arg [-plugin-opt=-pass-through=-lgcc_s] ==> ignore
    arg [--sysroot=/home/sunpark/workspace2/SDK_2022.1/sysroots/cortexa72-cortexa53-xilinx-linux] ==> ignore
    arg [--build-id] ==> ignore
    arg [--eh-frame-hdr] ==> ignore
    arg [--hash-style=gnu] ==> ignore
    arg [-dynamic-linker] ==> ignore
    arg [/lib/ld-linux-aarch64.so.1] ==> ignore
    arg [-X] ==> ignore
    arg [-EL] ==> ignore
    arg [-maarch64linux] ==> ignore
    arg [-pie] ==> ignore
    arg [-o] ==> ignore
    arg [cmTC_fe406] ==> ignore
    arg [/home/sunpark/workspace2/SDK_2022.1/sysroots/cortexa72-cortexa53-xilinx-linux/usr/lib/Scrt1.o] ==> obj [/home/sunpark/workspace2/SDK_2022.1/sysroots/cortexa72-cortexa53-xilinx-linux/usr/lib/Scrt1.o]
    arg [/home/sunpark/workspace2/SDK_2022.1/sysroots/cortexa72-cortexa53-xilinx-linux/usr/lib/crti.o] ==> obj [/home/sunpark/workspace2/SDK_2022.1/sysroots/cortexa72-cortexa53-xilinx-linux/usr/lib/crti.o]
    arg [/home/sunpark/workspace2/SDK_2022.1/sysroots/cortexa72-cortexa53-xilinx-linux/usr/lib/aarch64-xilinx-linux/11.2.0/crtbeginS.o] ==> obj [/home/sunpark/workspace2/SDK_2022.1/sysroots/cortexa72-cortexa53-xilinx-linux/usr/lib/aarch64-xilinx-linux/11.2.0/crtbeginS.o]
    arg [-L/home/sunpark/workspace2/SDK_2022.1/sysroots/x86_64-petalinux-linux/usr/lib/aarch64-xilinx-linux/gcc/aarch64-xilinx-linux/11.2.0] ==> dir [/home/sunpark/workspace2/SDK_2022.1/sysroots/x86_64-petalinux-linux/usr/lib/aarch64-xilinx-linux/gcc/aarch64-xilinx-linux/11.2.0]
    arg [-L/home/sunpark/workspace2/SDK_2022.1/sysroots/cortexa72-cortexa53-xilinx-linux/lib] ==> dir [/home/sunpark/workspace2/SDK_2022.1/sysroots/cortexa72-cortexa53-xilinx-linux/lib]
    arg [-L/home/sunpark/workspace2/SDK_2022.1/sysroots/cortexa72-cortexa53-xilinx-linux/usr/lib/aarch64-xilinx-linux/11.2.0] ==> dir [/home/sunpark/workspace2/SDK_2022.1/sysroots/cortexa72-cortexa53-xilinx-linux/usr/lib/aarch64-xilinx-linux/11.2.0]
    arg [-L/home/sunpark/workspace2/SDK_2022.1/sysroots/cortexa72-cortexa53-xilinx-linux/usr/lib] ==> dir [/home/sunpark/workspace2/SDK_2022.1/sysroots/cortexa72-cortexa53-xilinx-linux/usr/lib]
    arg [-O1] ==> ignore
    arg [--hash-style=gnu] ==> ignore
    arg [--as-needed] ==> ignore
    arg [-zrelro] ==> ignore
    arg [-znow] ==> ignore
    arg [CMakeFiles/cmTC_fe406.dir/CMakeCCompilerABI.c.o] ==> ignore
    arg [-lgcc] ==> lib [gcc]
    arg [--push-state] ==> ignore
    arg [--as-needed] ==> ignore
    arg [-lgcc_s] ==> lib [gcc_s]
    arg [--pop-state] ==> ignore
    arg [-lc] ==> lib [c]
    arg [-lgcc] ==> lib [gcc]
    arg [--push-state] ==> ignore
    arg [--as-needed] ==> ignore
    arg [-lgcc_s] ==> lib [gcc_s]
    arg [--pop-state] ==> ignore
    arg [/home/sunpark/workspace2/SDK_2022.1/sysroots/cortexa72-cortexa53-xilinx-linux/usr/lib/aarch64-xilinx-linux/11.2.0/crtendS.o] ==> obj [/home/sunpark/workspace2/SDK_2022.1/sysroots/cortexa72-cortexa53-xilinx-linux/usr/lib/aarch64-xilinx-linux/11.2.0/crtendS.o]
    arg [/home/sunpark/workspace2/SDK_2022.1/sysroots/cortexa72-cortexa53-xilinx-linux/usr/lib/crtn.o] ==> obj [/home/sunpark/workspace2/SDK_2022.1/sysroots/cortexa72-cortexa53-xilinx-linux/usr/lib/crtn.o]
  collapse library dir [/home/sunpark/workspace2/SDK_2022.1/sysroots/x86_64-petalinux-linux/usr/lib/aarch64-xilinx-linux/gcc/aarch64-xilinx-linux/11.2.0] ==> [/home/sunpark/workspace2/SDK_2022.1/sysroots/x86_64-petalinux-linux/usr/lib/aarch64-xilinx-linux/gcc/aarch64-xilinx-linux/11.2.0]
  collapse library dir [/home/sunpark/workspace2/SDK_2022.1/sysroots/cortexa72-cortexa53-xilinx-linux/lib] ==> [/home/sunpark/workspace2/SDK_2022.1/sysroots/cortexa72-cortexa53-xilinx-linux/lib]
  collapse library dir [/home/sunpark/workspace2/SDK_2022.1/sysroots/cortexa72-cortexa53-xilinx-linux/usr/lib/aarch64-xilinx-linux/11.2.0] ==> [/home/sunpark/workspace2/SDK_2022.1/sysroots/cortexa72-cortexa53-xilinx-linux/usr/lib/aarch64-xilinx-linux/11.2.0]
  collapse library dir [/home/sunpark/workspace2/SDK_2022.1/sysroots/cortexa72-cortexa53-xilinx-linux/usr/lib] ==> [/home/sunpark/workspace2/SDK_2022.1/sysroots/cortexa72-cortexa53-xilinx-linux/usr/lib]
  implicit libs: [gcc;gcc_s;c;gcc;gcc_s]
  implicit objs: [/home/sunpark/workspace2/SDK_2022.1/sysroots/cortexa72-cortexa53-xilinx-linux/usr/lib/Scrt1.o;/home/sunpark/workspace2/SDK_2022.1/sysroots/cortexa72-cortexa53-xilinx-linux/usr/lib/crti.o;/home/sunpark/workspace2/SDK_2022.1/sysroots/cortexa72-cortexa53-xilinx-linux/usr/lib/aarch64-xilinx-linux/11.2.0/crtbeginS.o;/home/sunpark/workspace2/SDK_2022.1/sysroots/cortexa72-cortexa53-xilinx-linux/usr/lib/aarch64-xilinx-linux/11.2.0/crtendS.o;/home/sunpark/workspace2/SDK_2022.1/sysroots/cortexa72-cortexa53-xilinx-linux/usr/lib/crtn.o]
  implicit dirs: [/home/sunpark/workspace2/SDK_2022.1/sysroots/x86_64-petalinux-linux/usr/lib/aarch64-xilinx-linux/gcc/aarch64-xilinx-linux/11.2.0;/home/sunpark/workspace2/SDK_2022.1/sysroots/cortexa72-cortexa53-xilinx-linux/lib;/home/sunpark/workspace2/SDK_2022.1/sysroots/cortexa72-cortexa53-xilinx-linux/usr/lib/aarch64-xilinx-linux/11.2.0;/home/sunpark/workspace2/SDK_2022.1/sysroots/cortexa72-cortexa53-xilinx-linux/usr/lib]
  implicit fwks: []


Detecting CXX compiler ABI info compiled with the following output:
Change Dir: /home/sunpark/workspace2/LinuxPbs_KC/MyCppProject/admin/build/CMakeFiles/CMakeTmp

Run Build Command(s):/usr/bin/make -f Makefile cmTC_869e1/fast && /usr/bin/make  -f CMakeFiles/cmTC_869e1.dir/build.make CMakeFiles/cmTC_869e1.dir/build
make[1]: Entering directory '/home/sunpark/workspace2/LinuxPbs_KC/MyCppProject/admin/build/CMakeFiles/CMakeTmp'
Building CXX object CMakeFiles/cmTC_869e1.dir/CMakeCXXCompilerABI.cpp.o
/home/sunpark/workspace2/SDK_2022.1/sysroots/x86_64-petalinux-linux/usr/bin/aarch64-xilinx-linux/aarch64-xilinx-linux-g++   -mcpu=cortex-a72.cortex-a53 -march=armv8-a+crc -fstack-protector-strong  -O2 -D_FORTIFY_SOURCE=2 -Wformat -Wformat-security -Werror=format-security --sysroot=/home/sunpark/workspace2/SDK_2022.1/sysroots/cortexa72-cortexa53-xilinx-linux --sysroot=/home/sunpark/workspace2/SDK_2022.1/sysroots/cortexa72-cortexa53-xilinx-linux   -O2 -pipe -g -feliminate-unused-debug-types     -v -o CMakeFiles/cmTC_869e1.dir/CMakeCXXCompilerABI.cpp.o -c /home/sunpark/workspace2/SDK_2022.1/sysroots/x86_64-petalinux-linux/usr/share/cmake-3.21/Modules/CMakeCXXCompilerABI.cpp
Using built-in specs.
COLLECT_GCC=/home/sunpark/workspace2/SDK_2022.1/sysroots/x86_64-petalinux-linux/usr/bin/aarch64-xilinx-linux/aarch64-xilinx-linux-g++
Target: aarch64-xilinx-linux
Configured with: ../../../../../../work-shared/gcc-11.2.0-r0/gcc-11.2.0/configure --build=x86_64-linux --host=x86_64-petalinux-linux --target=aarch64-xilinx-linux --prefix=/usr/local/oe-sdk-hardcoded-buildpath/sysroots/x86_64-petalinux-linux/usr --exec_prefix=/usr/local/oe-sdk-hardcoded-buildpath/sysroots/x86_64-petalinux-linux/usr --bindir=/usr/local/oe-sdk-hardcoded-buildpath/sysroots/x86_64-petalinux-linux/usr/bin/aarch64-xilinx-linux --sbindir=/usr/local/oe-sdk-hardcoded-buildpath/sysroots/x86_64-petalinux-linux/usr/bin/aarch64-xilinx-linux --libexecdir=/usr/local/oe-sdk-hardcoded-buildpath/sysroots/x86_64-petalinux-linux/usr/libexec/aarch64-xilinx-linux --datadir=/usr/local/oe-sdk-hardcoded-buildpath/sysroots/x86_64-petalinux-linux/usr/share --sysconfdir=/usr/local/oe-sdk-hardcoded-buildpath/sysroots/x86_64-petalinux-linux/etc --sharedstatedir=/usr/local/oe-sdk-hardcoded-buildpath/sysroots/x86_64-petalinux-linux/com --localstatedir=/usr/local/oe-sdk-hardcoded-buildpath/sysroots/x86_64-petalinux-linux/var --libdir=/usr/local/oe-sdk-hardcoded-buildpath/sysroots/x86_64-petalinux-linux/usr/lib/aarch64-xilinx-linux --includedir=/usr/local/oe-sdk-hardcoded-buildpath/sysroots/x86_64-petalinux-linux/usr/include --oldincludedir=/usr/local/oe-sdk-hardcoded-buildpath/sysroots/x86_64-petalinux-linux/usr/include --infodir=/usr/local/oe-sdk-hardcoded-buildpath/sysroots/x86_64-petalinux-linux/usr/share/info --mandir=/usr/local/oe-sdk-hardcoded-buildpath/sysroots/x86_64-petalinux-linux/usr/share/man --disable-silent-rules --disable-dependency-tracking --with-libtool-sysroot=/media/zibo/data/heyang/tmp/work/x86_64-nativesdk-petalinux-linux/gcc-cross-canadian-aarch64/11.2.0-r0/recipe-sysroot --with-gnu-ld --enable-shared --enable-languages=c,c++,fortran --enable-threads=posix --enable-multilib --enable-default-pie --enable-c99 --enable-long-long --enable-symvers=gnu --enable-libstdcxx-pch --program-prefix=aarch64-xilinx-linux- --without-local-prefix --disable-install-libiberty --disable-libssp --enable-libitm --enable-lto --disable-bootstrap --with-system-zlib --with-linker-hash-style=gnu --enable-linker-build-id --with-ppl=no --with-cloog=no --enable-checking=release --enable-cheaders=c_global --without-isl --with-gxx-include-dir=/not/exist/usr/include/c++/11.2.0 --with-build-time-tools=/media/zibo/data/heyang/tmp/work/x86_64-nativesdk-petalinux-linux/gcc-cross-canadian-aarch64/11.2.0-r0/recipe-sysroot-native/usr/aarch64-xilinx-linux/bin --with-sysroot=/not/exist --with-build-sysroot=/media/zibo/data/heyang/tmp/work/x86_64-nativesdk-petalinux-linux/gcc-cross-canadian-aarch64/11.2.0-r0/recipe-sysroot --enable-standard-branch-protection --enable-poison-system-directories --disable-static --enable-nls --with-glibc-version=2.28 --enable-initfini-array --enable-__cxa_atexit
Thread model: posix
Supported LTO compression algorithms: zlib zstd
gcc version 11.2.0 (GCC) 
COLLECT_GCC_OPTIONS='--sysroot=/home/sunpark/workspace2/SDK_2022.1/sysroots/cortexa72-cortexa53-xilinx-linux' '-mcpu=cortex-a72.cortex-a53' '-march=armv8-a+crc' '-fstack-protector-strong' '-O2' '-D' '_FORTIFY_SOURCE=2' '-Wformat=1' '-Wformat-security' '-Werror=format-security' '-O2' '-pipe' '-g' '-feliminate-unused-debug-types' '-v' '-o' 'CMakeFiles/cmTC_869e1.dir/CMakeCXXCompilerABI.cpp.o' '-c' '-shared-libgcc' '-mlittle-endian' '-mabi=lp64' '-dumpdir' 'CMakeFiles/cmTC_869e1.dir/'
 /home/sunpark/workspace2/SDK_2022.1/sysroots/x86_64-petalinux-linux/usr/libexec/aarch64-xilinx-linux/gcc/aarch64-xilinx-linux/11.2.0/cc1plus -quiet -v -isysroot /home/sunpark/workspace2/SDK_2022.1/sysroots/cortexa72-cortexa53-xilinx-linux -D_GNU_SOURCE -D _FORTIFY_SOURCE=2 /home/sunpark/workspace2/SDK_2022.1/sysroots/x86_64-petalinux-linux/usr/share/cmake-3.21/Modules/CMakeCXXCompilerABI.cpp -quiet -dumpdir CMakeFiles/cmTC_869e1.dir/ -dumpbase CMakeCXXCompilerABI.cpp.cpp -dumpbase-ext .cpp -mcpu=cortex-a72.cortex-a53 -march=armv8-a+crc -mlittle-endian -mabi=lp64 -g -O2 -O2 -Wformat=1 -Wformat-security -Werror=format-security -version -fstack-protector-strong -feliminate-unused-debug-types -o - |
 /home/sunpark/workspace2/SDK_2022.1/sysroots/x86_64-petalinux-linux/usr/libexec/aarch64-xilinx-linux/gcc/aarch64-xilinx-linux/11.2.0/as -v --gdwarf-5 -EL -march=armv8-a+crc -march=armv8-a+crc -mabi=lp64 -o CMakeFiles/cmTC_869e1.dir/CMakeCXXCompilerABI.cpp.o
GNU assembler version 2.37 (aarch64-xilinx-linux) using BFD version (GNU Binutils) 2.37.20210721
GNU C++17 (GCC) version 11.2.0 (aarch64-xilinx-linux)
	compiled by GNU C version 11.2.0, GMP version 6.2.1, MPFR version 4.1.0, MPC version 1.2.1, isl version none
GGC heuristics: --param ggc-min-expand=100 --param ggc-min-heapsize=131072
ignoring nonexistent directory "/home/sunpark/workspace2/SDK_2022.1/sysroots/x86_64-petalinux-linux/usr/lib/aarch64-xilinx-linux/gcc/aarch64-xilinx-linux/11.2.0/../../../../../aarch64-xilinx-linux/include"
#include "..." search starts here:
#include <...> search starts here:
 /home/sunpark/workspace2/SDK_2022.1/sysroots/cortexa72-cortexa53-xilinx-linux/usr/include/c++/11.2.0
 /home/sunpark/workspace2/SDK_2022.1/sysroots/cortexa72-cortexa53-xilinx-linux/usr/include/c++/11.2.0/aarch64-xilinx-linux
 /home/sunpark/workspace2/SDK_2022.1/sysroots/cortexa72-cortexa53-xilinx-linux/usr/include/c++/11.2.0/backward
 /home/sunpark/workspace2/SDK_2022.1/sysroots/x86_64-petalinux-linux/usr/lib/aarch64-xilinx-linux/gcc/aarch64-xilinx-linux/11.2.0/include
 /home/sunpark/workspace2/SDK_2022.1/sysroots/cortexa72-cortexa53-xilinx-linux/usr/lib/aarch64-xilinx-linux/11.2.0/include
 /home/sunpark/workspace2/SDK_2022.1/sysroots/cortexa72-cortexa53-xilinx-linux/usr/local/include
 /home/sunpark/workspace2/SDK_2022.1/sysroots/x86_64-petalinux-linux/usr/lib/aarch64-xilinx-linux/gcc/aarch64-xilinx-linux/11.2.0/include-fixed
 /home/sunpark/workspace2/SDK_2022.1/sysroots/cortexa72-cortexa53-xilinx-linux/usr/include/
End of search list.
GNU C++17 (GCC) version 11.2.0 (aarch64-xilinx-linux)
	compiled by GNU C version 11.2.0, GMP version 6.2.1, MPFR version 4.1.0, MPC version 1.2.1, isl version none
GGC heuristics: --param ggc-min-expand=100 --param ggc-min-heapsize=131072
Compiler executable checksum: 1c7e474403bd5c87b83b0f9d77310dd2
COMPILER_PATH=/home/sunpark/workspace2/SDK_2022.1/sysroots/x86_64-petalinux-linux/usr/libexec/aarch64-xilinx-linux/gcc/aarch64-xilinx-linux/11.2.0/:/home/sunpark/workspace2/SDK_2022.1/sysroots/x86_64-petalinux-linux/usr/libexec/aarch64-xilinx-linux/gcc/aarch64-xilinx-linux/11.2.0/:/home/sunpark/workspace2/SDK_2022.1/sysroots/x86_64-petalinux-linux/usr/libexec/aarch64-xilinx-linux/gcc/aarch64-xilinx-linux/:/home/sunpark/workspace2/SDK_2022.1/sysroots/x86_64-petalinux-linux/usr/lib/aarch64-xilinx-linux/gcc/aarch64-xilinx-linux/11.2.0/:/home/sunpark/workspace2/SDK_2022.1/sysroots/x86_64-petalinux-linux/usr/lib/aarch64-xilinx-linux/gcc/aarch64-xilinx-linux/
LIBRARY_PATH=/home/sunpark/workspace2/SDK_2022.1/sysroots/x86_64-petalinux-linux/usr/lib/aarch64-xilinx-linux/gcc/aarch64-xilinx-linux/11.2.0/:/home/sunpark/workspace2/SDK_2022.1/sysroots/cortexa72-cortexa53-xilinx-linux/lib/:/home/sunpark/workspace2/SDK_2022.1/sysroots/cortexa72-cortexa53-xilinx-linux/usr/lib/aarch64-xilinx-linux/11.2.0/:/home/sunpark/workspace2/SDK_2022.1/sysroots/cortexa72-cortexa53-xilinx-linux/usr/lib/
COLLECT_GCC_OPTIONS='--sysroot=/home/sunpark/workspace2/SDK_2022.1/sysroots/cortexa72-cortexa53-xilinx-linux' '-mcpu=cortex-a72.cortex-a53' '-march=armv8-a+crc' '-fstack-protector-strong' '-O2' '-D' '_FORTIFY_SOURCE=2' '-Wformat=1' '-Wformat-security' '-Werror=format-security' '-O2' '-pipe' '-g' '-feliminate-unused-debug-types' '-v' '-o' 'CMakeFiles/cmTC_869e1.dir/CMakeCXXCompilerABI.cpp.o' '-c' '-shared-libgcc' '-mlittle-endian' '-mabi=lp64' '-dumpdir' 'CMakeFiles/cmTC_869e1.dir/CMakeCXXCompilerABI.cpp.'
Linking CXX executable cmTC_869e1
/home/sunpark/workspace2/SDK_2022.1/sysroots/x86_64-petalinux-linux/usr/bin/cmake -E cmake_link_script CMakeFiles/cmTC_869e1.dir/link.txt --verbose=1
/home/sunpark/workspace2/SDK_2022.1/sysroots/x86_64-petalinux-linux/usr/bin/aarch64-xilinx-linux/aarch64-xilinx-linux-g++   -mcpu=cortex-a72.cortex-a53 -march=armv8-a+crc -fstack-protector-strong  -O2 -D_FORTIFY_SOURCE=2 -Wformat -Wformat-security -Werror=format-security --sysroot=/home/sunpark/workspace2/SDK_2022.1/sysroots/cortexa72-cortexa53-xilinx-linux --sysroot=/home/sunpark/workspace2/SDK_2022.1/sysroots/cortexa72-cortexa53-xilinx-linux  -O2 -pipe -g -feliminate-unused-debug-types   -Wl,-O1 -Wl,--hash-style=gnu -Wl,--as-needed  -Wl,-z,relro,-z,now -v CMakeFiles/cmTC_869e1.dir/CMakeCXXCompilerABI.cpp.o -o cmTC_869e1 
Using built-in specs.
COLLECT_GCC=/home/sunpark/workspace2/SDK_2022.1/sysroots/x86_64-petalinux-linux/usr/bin/aarch64-xilinx-linux/aarch64-xilinx-linux-g++
COLLECT_LTO_WRAPPER=/home/sunpark/workspace2/SDK_2022.1/sysroots/x86_64-petalinux-linux/usr/libexec/aarch64-xilinx-linux/gcc/aarch64-xilinx-linux/11.2.0/lto-wrapper
Target: aarch64-xilinx-linux
Configured with: ../../../../../../work-shared/gcc-11.2.0-r0/gcc-11.2.0/configure --build=x86_64-linux --host=x86_64-petalinux-linux --target=aarch64-xilinx-linux --prefix=/usr/local/oe-sdk-hardcoded-buildpath/sysroots/x86_64-petalinux-linux/usr --exec_prefix=/usr/local/oe-sdk-hardcoded-buildpath/sysroots/x86_64-petalinux-linux/usr --bindir=/usr/local/oe-sdk-hardcoded-buildpath/sysroots/x86_64-petalinux-linux/usr/bin/aarch64-xilinx-linux --sbindir=/usr/local/oe-sdk-hardcoded-buildpath/sysroots/x86_64-petalinux-linux/usr/bin/aarch64-xilinx-linux --libexecdir=/usr/local/oe-sdk-hardcoded-buildpath/sysroots/x86_64-petalinux-linux/usr/libexec/aarch64-xilinx-linux --datadir=/usr/local/oe-sdk-hardcoded-buildpath/sysroots/x86_64-petalinux-linux/usr/share --sysconfdir=/usr/local/oe-sdk-hardcoded-buildpath/sysroots/x86_64-petalinux-linux/etc --sharedstatedir=/usr/local/oe-sdk-hardcoded-buildpath/sysroots/x86_64-petalinux-linux/com --localstatedir=/usr/local/oe-sdk-hardcoded-buildpath/sysroots/x86_64-petalinux-linux/var --libdir=/usr/local/oe-sdk-hardcoded-buildpath/sysroots/x86_64-petalinux-linux/usr/lib/aarch64-xilinx-linux --includedir=/usr/local/oe-sdk-hardcoded-buildpath/sysroots/x86_64-petalinux-linux/usr/include --oldincludedir=/usr/local/oe-sdk-hardcoded-buildpath/sysroots/x86_64-petalinux-linux/usr/include --infodir=/usr/local/oe-sdk-hardcoded-buildpath/sysroots/x86_64-petalinux-linux/usr/share/info --mandir=/usr/local/oe-sdk-hardcoded-buildpath/sysroots/x86_64-petalinux-linux/usr/share/man --disable-silent-rules --disable-dependency-tracking --with-libtool-sysroot=/media/zibo/data/heyang/tmp/work/x86_64-nativesdk-petalinux-linux/gcc-cross-canadian-aarch64/11.2.0-r0/recipe-sysroot --with-gnu-ld --enable-shared --enable-languages=c,c++,fortran --enable-threads=posix --enable-multilib --enable-default-pie --enable-c99 --enable-long-long --enable-symvers=gnu --enable-libstdcxx-pch --program-prefix=aarch64-xilinx-linux- --without-local-prefix --disable-install-libiberty --disable-libssp --enable-libitm --enable-lto --disable-bootstrap --with-system-zlib --with-linker-hash-style=gnu --enable-linker-build-id --with-ppl=no --with-cloog=no --enable-checking=release --enable-cheaders=c_global --without-isl --with-gxx-include-dir=/not/exist/usr/include/c++/11.2.0 --with-build-time-tools=/media/zibo/data/heyang/tmp/work/x86_64-nativesdk-petalinux-linux/gcc-cross-canadian-aarch64/11.2.0-r0/recipe-sysroot-native/usr/aarch64-xilinx-linux/bin --with-sysroot=/not/exist --with-build-sysroot=/media/zibo/data/heyang/tmp/work/x86_64-nativesdk-petalinux-linux/gcc-cross-canadian-aarch64/11.2.0-r0/recipe-sysroot --enable-standard-branch-protection --enable-poison-system-directories --disable-static --enable-nls --with-glibc-version=2.28 --enable-initfini-array --enable-__cxa_atexit
Thread model: posix
Supported LTO compression algorithms: zlib zstd
gcc version 11.2.0 (GCC) 
COMPILER_PATH=/home/sunpark/workspace2/SDK_2022.1/sysroots/x86_64-petalinux-linux/usr/libexec/aarch64-xilinx-linux/gcc/aarch64-xilinx-linux/11.2.0/:/home/sunpark/workspace2/SDK_2022.1/sysroots/x86_64-petalinux-linux/usr/libexec/aarch64-xilinx-linux/gcc/aarch64-xilinx-linux/11.2.0/:/home/sunpark/workspace2/SDK_2022.1/sysroots/x86_64-petalinux-linux/usr/libexec/aarch64-xilinx-linux/gcc/aarch64-xilinx-linux/:/home/sunpark/workspace2/SDK_2022.1/sysroots/x86_64-petalinux-linux/usr/lib/aarch64-xilinx-linux/gcc/aarch64-xilinx-linux/11.2.0/:/home/sunpark/workspace2/SDK_2022.1/sysroots/x86_64-petalinux-linux/usr/lib/aarch64-xilinx-linux/gcc/aarch64-xilinx-linux/
LIBRARY_PATH=/home/sunpark/workspace2/SDK_2022.1/sysroots/x86_64-petalinux-linux/usr/lib/aarch64-xilinx-linux/gcc/aarch64-xilinx-linux/11.2.0/:/home/sunpark/workspace2/SDK_2022.1/sysroots/cortexa72-cortexa53-xilinx-linux/lib/:/home/sunpark/workspace2/SDK_2022.1/sysroots/cortexa72-cortexa53-xilinx-linux/usr/lib/aarch64-xilinx-linux/11.2.0/:/home/sunpark/workspace2/SDK_2022.1/sysroots/cortexa72-cortexa53-xilinx-linux/usr/lib/
COLLECT_GCC_OPTIONS='--sysroot=/home/sunpark/workspace2/SDK_2022.1/sysroots/cortexa72-cortexa53-xilinx-linux' '-mcpu=cortex-a72.cortex-a53' '-march=armv8-a+crc' '-fstack-protector-strong' '-O2' '-D' '_FORTIFY_SOURCE=2' '-Wformat=1' '-Wformat-security' '-Werror=format-security' '-O2' '-pipe' '-g' '-feliminate-unused-debug-types' '-v' '-o' 'cmTC_869e1' '-shared-libgcc' '-mlittle-endian' '-mabi=lp64' '-dumpdir' 'cmTC_869e1.'
 /home/sunpark/workspace2/SDK_2022.1/sysroots/x86_64-petalinux-linux/usr/libexec/aarch64-xilinx-linux/gcc/aarch64-xilinx-linux/11.2.0/collect2 -plugin /home/sunpark/workspace2/SDK_2022.1/sysroots/x86_64-petalinux-linux/usr/libexec/aarch64-xilinx-linux/gcc/aarch64-xilinx-linux/11.2.0/liblto_plugin.so -plugin-opt=/home/sunpark/workspace2/SDK_2022.1/sysroots/x86_64-petalinux-linux/usr/libexec/aarch64-xilinx-linux/gcc/aarch64-xilinx-linux/11.2.0/lto-wrapper -plugin-opt=-fresolution=/tmp/ccSNjTpG.res -plugin-opt=-pass-through=-lgcc_s -plugin-opt=-pass-through=-lgcc -plugin-opt=-pass-through=-lc -plugin-opt=-pass-through=-lgcc_s -plugin-opt=-pass-through=-lgcc --sysroot=/home/sunpark/workspace2/SDK_2022.1/sysroots/cortexa72-cortexa53-xilinx-linux --build-id --eh-frame-hdr --hash-style=gnu -dynamic-linker /lib/ld-linux-aarch64.so.1 -X -EL -maarch64linux -pie -o cmTC_869e1 /home/sunpark/workspace2/SDK_2022.1/sysroots/cortexa72-cortexa53-xilinx-linux/usr/lib/Scrt1.o /home/sunpark/workspace2/SDK_2022.1/sysroots/cortexa72-cortexa53-xilinx-linux/usr/lib/crti.o /home/sunpark/workspace2/SDK_2022.1/sysroots/cortexa72-cortexa53-xilinx-linux/usr/lib/aarch64-xilinx-linux/11.2.0/crtbeginS.o -L/home/sunpark/workspace2/SDK_2022.1/sysroots/x86_64-petalinux-linux/usr/lib/aarch64-xilinx-linux/gcc/aarch64-xilinx-linux/11.2.0 -L/home/sunpark/workspace2/SDK_2022.1/sysroots/cortexa72-cortexa53-xilinx-linux/lib -L/home/sunpark/workspace2/SDK_2022.1/sysroots/cortexa72-cortexa53-xilinx-linux/usr/lib/aarch64-xilinx-linux/11.2.0 -L/home/sunpark/workspace2/SDK_2022.1/sysroots/cortexa72-cortexa53-xilinx-linux/usr/lib -O1 --hash-style=gnu --as-needed -z relro -z now CMakeFiles/cmTC_869e1.dir/CMakeCXXCompilerABI.cpp.o -lstdc++ -lm -lgcc_s -lgcc -lc -lgcc_s -lgcc /home/sunpark/workspace2/SDK_2022.1/sysroots/cortexa72-cortexa53-xilinx-linux/usr/lib/aarch64-xilinx-linux/11.2.0/crtendS.o /home/sunpark/workspace2/SDK_2022.1/sysroots/cortexa72-cortexa53-xilinx-linux/usr/lib/crtn.o
COLLECT_GCC_OPTIONS='--sysroot=/home/sunpark/workspace2/SDK_2022.1/sysroots/cortexa72-cortexa53-xilinx-linux' '-mcpu=cortex-a72.cortex-a53' '-march=armv8-a+crc' '-fstack-protector-strong' '-O2' '-D' '_FORTIFY_SOURCE=2' '-Wformat=1' '-Wformat-security' '-Werror=format-security' '-O2' '-pipe' '-g' '-feliminate-unused-debug-types' '-v' '-o' 'cmTC_869e1' '-shared-libgcc' '-mlittle-endian' '-mabi=lp64' '-dumpdir' 'cmTC_869e1.'
make[1]: Leaving directory '/home/sunpark/workspace2/LinuxPbs_KC/MyCppProject/admin/build/CMakeFiles/CMakeTmp'



Parsed CXX implicit include dir info from above output: rv=done
  found start of include info
  found start of implicit include info
    add: [/home/sunpark/workspace2/SDK_2022.1/sysroots/cortexa72-cortexa53-xilinx-linux/usr/include/c++/11.2.0]
    add: [/home/sunpark/workspace2/SDK_2022.1/sysroots/cortexa72-cortexa53-xilinx-linux/usr/include/c++/11.2.0/aarch64-xilinx-linux]
    add: [/home/sunpark/workspace2/SDK_2022.1/sysroots/cortexa72-cortexa53-xilinx-linux/usr/include/c++/11.2.0/backward]
    add: [/home/sunpark/workspace2/SDK_2022.1/sysroots/x86_64-petalinux-linux/usr/lib/aarch64-xilinx-linux/gcc/aarch64-xilinx-linux/11.2.0/include]
    add: [/home/sunpark/workspace2/SDK_2022.1/sysroots/cortexa72-cortexa53-xilinx-linux/usr/lib/aarch64-xilinx-linux/11.2.0/include]
    add: [/home/sunpark/workspace2/SDK_2022.1/sysroots/cortexa72-cortexa53-xilinx-linux/usr/local/include]
    add: [/home/sunpark/workspace2/SDK_2022.1/sysroots/x86_64-petalinux-linux/usr/lib/aarch64-xilinx-linux/gcc/aarch64-xilinx-linux/11.2.0/include-fixed]
    add: [/home/sunpark/workspace2/SDK_2022.1/sysroots/cortexa72-cortexa53-xilinx-linux/usr/include/]
  end of search list found
  collapse include dir [/home/sunpark/workspace2/SDK_2022.1/sysroots/cortexa72-cortexa53-xilinx-linux/usr/include/c++/11.2.0] ==> [/home/sunpark/workspace2/SDK_2022.1/sysroots/cortexa72-cortexa53-xilinx-linux/usr/include/c++/11.2.0]
  collapse include dir [/home/sunpark/workspace2/SDK_2022.1/sysroots/cortexa72-cortexa53-xilinx-linux/usr/include/c++/11.2.0/aarch64-xilinx-linux] ==> [/home/sunpark/workspace2/SDK_2022.1/sysroots/cortexa72-cortexa53-xilinx-linux/usr/include/c++/11.2.0/aarch64-xilinx-linux]
  collapse include dir [/home/sunpark/workspace2/SDK_2022.1/sysroots/cortexa72-cortexa53-xilinx-linux/usr/include/c++/11.2.0/backward] ==> [/home/sunpark/workspace2/SDK_2022.1/sysroots/cortexa72-cortexa53-xilinx-linux/usr/include/c++/11.2.0/backward]
  collapse include dir [/home/sunpark/workspace2/SDK_2022.1/sysroots/x86_64-petalinux-linux/usr/lib/aarch64-xilinx-linux/gcc/aarch64-xilinx-linux/11.2.0/include] ==> [/home/sunpark/workspace2/SDK_2022.1/sysroots/x86_64-petalinux-linux/usr/lib/aarch64-xilinx-linux/gcc/aarch64-xilinx-linux/11.2.0/include]
  collapse include dir [/home/sunpark/workspace2/SDK_2022.1/sysroots/cortexa72-cortexa53-xilinx-linux/usr/lib/aarch64-xilinx-linux/11.2.0/include] ==> [/home/sunpark/workspace2/SDK_2022.1/sysroots/cortexa72-cortexa53-xilinx-linux/usr/lib/aarch64-xilinx-linux/11.2.0/include]
  collapse include dir [/home/sunpark/workspace2/SDK_2022.1/sysroots/cortexa72-cortexa53-xilinx-linux/usr/local/include] ==> [/home/sunpark/workspace2/SDK_2022.1/sysroots/cortexa72-cortexa53-xilinx-linux/usr/local/include]
  collapse include dir [/home/sunpark/workspace2/SDK_2022.1/sysroots/x86_64-petalinux-linux/usr/lib/aarch64-xilinx-linux/gcc/aarch64-xilinx-linux/11.2.0/include-fixed] ==> [/home/sunpark/workspace2/SDK_2022.1/sysroots/x86_64-petalinux-linux/usr/lib/aarch64-xilinx-linux/gcc/aarch64-xilinx-linux/11.2.0/include-fixed]
  collapse include dir [/home/sunpark/workspace2/SDK_2022.1/sysroots/cortexa72-cortexa53-xilinx-linux/usr/include/] ==> [/home/sunpark/workspace2/SDK_2022.1/sysroots/cortexa72-cortexa53-xilinx-linux/usr/include]
  implicit include dirs: [/home/sunpark/workspace2/SDK_2022.1/sysroots/cortexa72-cortexa53-xilinx-linux/usr/include/c++/11.2.0;/home/sunpark/workspace2/SDK_2022.1/sysroots/cortexa72-cortexa53-xilinx-linux/usr/include/c++/11.2.0/aarch64-xilinx-linux;/home/sunpark/workspace2/SDK_2022.1/sysroots/cortexa72-cortexa53-xilinx-linux/usr/include/c++/11.2.0/backward;/home/sunpark/workspace2/SDK_2022.1/sysroots/x86_64-petalinux-linux/usr/lib/aarch64-xilinx-linux/gcc/aarch64-xilinx-linux/11.2.0/include;/home/sunpark/workspace2/SDK_2022.1/sysroots/cortexa72-cortexa53-xilinx-linux/usr/lib/aarch64-xilinx-linux/11.2.0/include;/home/sunpark/workspace2/SDK_2022.1/sysroots/cortexa72-cortexa53-xilinx-linux/usr/local/include;/home/sunpark/workspace2/SDK_2022.1/sysroots/x86_64-petalinux-linux/usr/lib/aarch64-xilinx-linux/gcc/aarch64-xilinx-linux/11.2.0/include-fixed;/home/sunpark/workspace2/SDK_2022.1/sysroots/cortexa72-cortexa53-xilinx-linux/usr/include]


Parsed CXX implicit link information from above output:
  link line regex: [^( *|.*[/\])(aarch64-xilinx-linux-ld|CMAKE_LINK_STARTFILE-NOTFOUND|([^/\]+-)?ld|collect2)[^/\]*( |$)]
  ignore line: [Change Dir: /home/sunpark/workspace2/LinuxPbs_KC/MyCppProject/admin/build/CMakeFiles/CMakeTmp]
  ignore line: []
  ignore line: [Run Build Command(s):/usr/bin/make -f Makefile cmTC_869e1/fast && /usr/bin/make  -f CMakeFiles/cmTC_869e1.dir/build.make CMakeFiles/cmTC_869e1.dir/build]
  ignore line: [make[1]: Entering directory '/home/sunpark/workspace2/LinuxPbs_KC/MyCppProject/admin/build/CMakeFiles/CMakeTmp']
  ignore line: [Building CXX object CMakeFiles/cmTC_869e1.dir/CMakeCXXCompilerABI.cpp.o]
  ignore line: [/home/sunpark/workspace2/SDK_2022.1/sysroots/x86_64-petalinux-linux/usr/bin/aarch64-xilinx-linux/aarch64-xilinx-linux-g++   -mcpu=cortex-a72.cortex-a53 -march=armv8-a+crc -fstack-protector-strong  -O2 -D_FORTIFY_SOURCE=2 -Wformat -Wformat-security -Werror=format-security --sysroot=/home/sunpark/workspace2/SDK_2022.1/sysroots/cortexa72-cortexa53-xilinx-linux --sysroot=/home/sunpark/workspace2/SDK_2022.1/sysroots/cortexa72-cortexa53-xilinx-linux   -O2 -pipe -g -feliminate-unused-debug-types     -v -o CMakeFiles/cmTC_869e1.dir/CMakeCXXCompilerABI.cpp.o -c /home/sunpark/workspace2/SDK_2022.1/sysroots/x86_64-petalinux-linux/usr/share/cmake-3.21/Modules/CMakeCXXCompilerABI.cpp]
  ignore line: [Using built-in specs.]
  ignore line: [COLLECT_GCC=/home/sunpark/workspace2/SDK_2022.1/sysroots/x86_64-petalinux-linux/usr/bin/aarch64-xilinx-linux/aarch64-xilinx-linux-g++]
  ignore line: [Target: aarch64-xilinx-linux]
  ignore line: [Configured with: ../../../../../../work-shared/gcc-11.2.0-r0/gcc-11.2.0/configure --build=x86_64-linux --host=x86_64-petalinux-linux --target=aarch64-xilinx-linux --prefix=/usr/local/oe-sdk-hardcoded-buildpath/sysroots/x86_64-petalinux-linux/usr --exec_prefix=/usr/local/oe-sdk-hardcoded-buildpath/sysroots/x86_64-petalinux-linux/usr --bindir=/usr/local/oe-sdk-hardcoded-buildpath/sysroots/x86_64-petalinux-linux/usr/bin/aarch64-xilinx-linux --sbindir=/usr/local/oe-sdk-hardcoded-buildpath/sysroots/x86_64-petalinux-linux/usr/bin/aarch64-xilinx-linux --libexecdir=/usr/local/oe-sdk-hardcoded-buildpath/sysroots/x86_64-petalinux-linux/usr/libexec/aarch64-xilinx-linux --datadir=/usr/local/oe-sdk-hardcoded-buildpath/sysroots/x86_64-petalinux-linux/usr/share --sysconfdir=/usr/local/oe-sdk-hardcoded-buildpath/sysroots/x86_64-petalinux-linux/etc --sharedstatedir=/usr/local/oe-sdk-hardcoded-buildpath/sysroots/x86_64-petalinux-linux/com --localstatedir=/usr/local/oe-sdk-hardcoded-buildpath/sysroots/x86_64-petalinux-linux/var --libdir=/usr/local/oe-sdk-hardcoded-buildpath/sysroots/x86_64-petalinux-linux/usr/lib/aarch64-xilinx-linux --includedir=/usr/local/oe-sdk-hardcoded-buildpath/sysroots/x86_64-petalinux-linux/usr/include --oldincludedir=/usr/local/oe-sdk-hardcoded-buildpath/sysroots/x86_64-petalinux-linux/usr/include --infodir=/usr/local/oe-sdk-hardcoded-buildpath/sysroots/x86_64-petalinux-linux/usr/share/info --mandir=/usr/local/oe-sdk-hardcoded-buildpath/sysroots/x86_64-petalinux-linux/usr/share/man --disable-silent-rules --disable-dependency-tracking --with-libtool-sysroot=/media/zibo/data/heyang/tmp/work/x86_64-nativesdk-petalinux-linux/gcc-cross-canadian-aarch64/11.2.0-r0/recipe-sysroot --with-gnu-ld --enable-shared --enable-languages=c,c++,fortran --enable-threads=posix --enable-multilib --enable-default-pie --enable-c99 --enable-long-long --enable-symvers=gnu --enable-libstdcxx-pch --program-prefix=aarch64-xilinx-linux- --without-local-prefix --disable-install-libiberty --disable-libssp --enable-libitm --enable-lto --disable-bootstrap --with-system-zlib --with-linker-hash-style=gnu --enable-linker-build-id --with-ppl=no --with-cloog=no --enable-checking=release --enable-cheaders=c_global --without-isl --with-gxx-include-dir=/not/exist/usr/include/c++/11.2.0 --with-build-time-tools=/media/zibo/data/heyang/tmp/work/x86_64-nativesdk-petalinux-linux/gcc-cross-canadian-aarch64/11.2.0-r0/recipe-sysroot-native/usr/aarch64-xilinx-linux/bin --with-sysroot=/not/exist --with-build-sysroot=/media/zibo/data/heyang/tmp/work/x86_64-nativesdk-petalinux-linux/gcc-cross-canadian-aarch64/11.2.0-r0/recipe-sysroot --enable-standard-branch-protection --enable-poison-system-directories --disable-static --enable-nls --with-glibc-version=2.28 --enable-initfini-array --enable-__cxa_atexit]
  ignore line: [Thread model: posix]
  ignore line: [Supported LTO compression algorithms: zlib zstd]
  ignore line: [gcc version 11.2.0 (GCC) ]
  ignore line: [COLLECT_GCC_OPTIONS='--sysroot=/home/sunpark/workspace2/SDK_2022.1/sysroots/cortexa72-cortexa53-xilinx-linux' '-mcpu=cortex-a72.cortex-a53' '-march=armv8-a+crc' '-fstack-protector-strong' '-O2' '-D' '_FORTIFY_SOURCE=2' '-Wformat=1' '-Wformat-security' '-Werror=format-security' '-O2' '-pipe' '-g' '-feliminate-unused-debug-types' '-v' '-o' 'CMakeFiles/cmTC_869e1.dir/CMakeCXXCompilerABI.cpp.o' '-c' '-shared-libgcc' '-mlittle-endian' '-mabi=lp64' '-dumpdir' 'CMakeFiles/cmTC_869e1.dir/']
  ignore line: [ /home/sunpark/workspace2/SDK_2022.1/sysroots/x86_64-petalinux-linux/usr/libexec/aarch64-xilinx-linux/gcc/aarch64-xilinx-linux/11.2.0/cc1plus -quiet -v -isysroot /home/sunpark/workspace2/SDK_2022.1/sysroots/cortexa72-cortexa53-xilinx-linux -D_GNU_SOURCE -D _FORTIFY_SOURCE=2 /home/sunpark/workspace2/SDK_2022.1/sysroots/x86_64-petalinux-linux/usr/share/cmake-3.21/Modules/CMakeCXXCompilerABI.cpp -quiet -dumpdir CMakeFiles/cmTC_869e1.dir/ -dumpbase CMakeCXXCompilerABI.cpp.cpp -dumpbase-ext .cpp -mcpu=cortex-a72.cortex-a53 -march=armv8-a+crc -mlittle-endian -mabi=lp64 -g -O2 -O2 -Wformat=1 -Wformat-security -Werror=format-security -version -fstack-protector-strong -feliminate-unused-debug-types -o - |]
  ignore line: [ /home/sunpark/workspace2/SDK_2022.1/sysroots/x86_64-petalinux-linux/usr/libexec/aarch64-xilinx-linux/gcc/aarch64-xilinx-linux/11.2.0/as -v --gdwarf-5 -EL -march=armv8-a+crc -march=armv8-a+crc -mabi=lp64 -o CMakeFiles/cmTC_869e1.dir/CMakeCXXCompilerABI.cpp.o]
  ignore line: [GNU assembler version 2.37 (aarch64-xilinx-linux) using BFD version (GNU Binutils) 2.37.20210721]
  ignore line: [GNU C++17 (GCC) version 11.2.0 (aarch64-xilinx-linux)]
  ignore line: [	compiled by GNU C version 11.2.0  GMP version 6.2.1  MPFR version 4.1.0  MPC version 1.2.1  isl version none]
  ignore line: [GGC heuristics: --param ggc-min-expand=100 --param ggc-min-heapsize=131072]
  ignore line: [ignoring nonexistent directory "/home/sunpark/workspace2/SDK_2022.1/sysroots/x86_64-petalinux-linux/usr/lib/aarch64-xilinx-linux/gcc/aarch64-xilinx-linux/11.2.0/../../../../../aarch64-xilinx-linux/include"]
  ignore line: [#include "..." search starts here:]
  ignore line: [#include <...> search starts here:]
  ignore line: [ /home/sunpark/workspace2/SDK_2022.1/sysroots/cortexa72-cortexa53-xilinx-linux/usr/include/c++/11.2.0]
  ignore line: [ /home/sunpark/workspace2/SDK_2022.1/sysroots/cortexa72-cortexa53-xilinx-linux/usr/include/c++/11.2.0/aarch64-xilinx-linux]
  ignore line: [ /home/sunpark/workspace2/SDK_2022.1/sysroots/cortexa72-cortexa53-xilinx-linux/usr/include/c++/11.2.0/backward]
  ignore line: [ /home/sunpark/workspace2/SDK_2022.1/sysroots/x86_64-petalinux-linux/usr/lib/aarch64-xilinx-linux/gcc/aarch64-xilinx-linux/11.2.0/include]
  ignore line: [ /home/sunpark/workspace2/SDK_2022.1/sysroots/cortexa72-cortexa53-xilinx-linux/usr/lib/aarch64-xilinx-linux/11.2.0/include]
  ignore line: [ /home/sunpark/workspace2/SDK_2022.1/sysroots/cortexa72-cortexa53-xilinx-linux/usr/local/include]
  ignore line: [ /home/sunpark/workspace2/SDK_2022.1/sysroots/x86_64-petalinux-linux/usr/lib/aarch64-xilinx-linux/gcc/aarch64-xilinx-linux/11.2.0/include-fixed]
  ignore line: [ /home/sunpark/workspace2/SDK_2022.1/sysroots/cortexa72-cortexa53-xilinx-linux/usr/include/]
  ignore line: [End of search list.]
  ignore line: [GNU C++17 (GCC) version 11.2.0 (aarch64-xilinx-linux)]
  ignore line: [	compiled by GNU C version 11.2.0  GMP version 6.2.1  MPFR version 4.1.0  MPC version 1.2.1  isl version none]
  ignore line: [GGC heuristics: --param ggc-min-expand=100 --param ggc-min-heapsize=131072]
  ignore line: [Compiler executable checksum: 1c7e474403bd5c87b83b0f9d77310dd2]
  ignore line: [COMPILER_PATH=/home/sunpark/workspace2/SDK_2022.1/sysroots/x86_64-petalinux-linux/usr/libexec/aarch64-xilinx-linux/gcc/aarch64-xilinx-linux/11.2.0/:/home/sunpark/workspace2/SDK_2022.1/sysroots/x86_64-petalinux-linux/usr/libexec/aarch64-xilinx-linux/gcc/aarch64-xilinx-linux/11.2.0/:/home/sunpark/workspace2/SDK_2022.1/sysroots/x86_64-petalinux-linux/usr/libexec/aarch64-xilinx-linux/gcc/aarch64-xilinx-linux/:/home/sunpark/workspace2/SDK_2022.1/sysroots/x86_64-petalinux-linux/usr/lib/aarch64-xilinx-linux/gcc/aarch64-xilinx-linux/11.2.0/:/home/sunpark/workspace2/SDK_2022.1/sysroots/x86_64-petalinux-linux/usr/lib/aarch64-xilinx-linux/gcc/aarch64-xilinx-linux/]
  ignore line: [LIBRARY_PATH=/home/sunpark/workspace2/SDK_2022.1/sysroots/x86_64-petalinux-linux/usr/lib/aarch64-xilinx-linux/gcc/aarch64-xilinx-linux/11.2.0/:/home/sunpark/workspace2/SDK_2022.1/sysroots/cortexa72-cortexa53-xilinx-linux/lib/:/home/sunpark/workspace2/SDK_2022.1/sysroots/cortexa72-cortexa53-xilinx-linux/usr/lib/aarch64-xilinx-linux/11.2.0/:/home/sunpark/workspace2/SDK_2022.1/sysroots/cortexa72-cortexa53-xilinx-linux/usr/lib/]
  ignore line: [COLLECT_GCC_OPTIONS='--sysroot=/home/sunpark/workspace2/SDK_2022.1/sysroots/cortexa72-cortexa53-xilinx-linux' '-mcpu=cortex-a72.cortex-a53' '-march=armv8-a+crc' '-fstack-protector-strong' '-O2' '-D' '_FORTIFY_SOURCE=2' '-Wformat=1' '-Wformat-security' '-Werror=format-security' '-O2' '-pipe' '-g' '-feliminate-unused-debug-types' '-v' '-o' 'CMakeFiles/cmTC_869e1.dir/CMakeCXXCompilerABI.cpp.o' '-c' '-shared-libgcc' '-mlittle-endian' '-mabi=lp64' '-dumpdir' 'CMakeFiles/cmTC_869e1.dir/CMakeCXXCompilerABI.cpp.']
  ignore line: [Linking CXX executable cmTC_869e1]
  ignore line: [/home/sunpark/workspace2/SDK_2022.1/sysroots/x86_64-petalinux-linux/usr/bin/cmake -E cmake_link_script CMakeFiles/cmTC_869e1.dir/link.txt --verbose=1]
  ignore line: [/home/sunpark/workspace2/SDK_2022.1/sysroots/x86_64-petalinux-linux/usr/bin/aarch64-xilinx-linux/aarch64-xilinx-linux-g++   -mcpu=cortex-a72.cortex-a53 -march=armv8-a+crc -fstack-protector-strong  -O2 -D_FORTIFY_SOURCE=2 -Wformat -Wformat-security -Werror=format-security --sysroot=/home/sunpark/workspace2/SDK_2022.1/sysroots/cortexa72-cortexa53-xilinx-linux --sysroot=/home/sunpark/workspace2/SDK_2022.1/sysroots/cortexa72-cortexa53-xilinx-linux  -O2 -pipe -g -feliminate-unused-debug-types   -Wl -O1 -Wl --hash-style=gnu -Wl --as-needed  -Wl -z relro -z now -v CMakeFiles/cmTC_869e1.dir/CMakeCXXCompilerABI.cpp.o -o cmTC_869e1 ]
  ignore line: [Using built-in specs.]
  ignore line: [COLLECT_GCC=/home/sunpark/workspace2/SDK_2022.1/sysroots/x86_64-petalinux-linux/usr/bin/aarch64-xilinx-linux/aarch64-xilinx-linux-g++]
  ignore line: [COLLECT_LTO_WRAPPER=/home/sunpark/workspace2/SDK_2022.1/sysroots/x86_64-petalinux-linux/usr/libexec/aarch64-xilinx-linux/gcc/aarch64-xilinx-linux/11.2.0/lto-wrapper]
  ignore line: [Target: aarch64-xilinx-linux]
  ignore line: [Configured with: ../../../../../../work-shared/gcc-11.2.0-r0/gcc-11.2.0/configure --build=x86_64-linux --host=x86_64-petalinux-linux --target=aarch64-xilinx-linux --prefix=/usr/local/oe-sdk-hardcoded-buildpath/sysroots/x86_64-petalinux-linux/usr --exec_prefix=/usr/local/oe-sdk-hardcoded-buildpath/sysroots/x86_64-petalinux-linux/usr --bindir=/usr/local/oe-sdk-hardcoded-buildpath/sysroots/x86_64-petalinux-linux/usr/bin/aarch64-xilinx-linux --sbindir=/usr/local/oe-sdk-hardcoded-buildpath/sysroots/x86_64-petalinux-linux/usr/bin/aarch64-xilinx-linux --libexecdir=/usr/local/oe-sdk-hardcoded-buildpath/sysroots/x86_64-petalinux-linux/usr/libexec/aarch64-xilinx-linux --datadir=/usr/local/oe-sdk-hardcoded-buildpath/sysroots/x86_64-petalinux-linux/usr/share --sysconfdir=/usr/local/oe-sdk-hardcoded-buildpath/sysroots/x86_64-petalinux-linux/etc --sharedstatedir=/usr/local/oe-sdk-hardcoded-buildpath/sysroots/x86_64-petalinux-linux/com --localstatedir=/usr/local/oe-sdk-hardcoded-buildpath/sysroots/x86_64-petalinux-linux/var --libdir=/usr/local/oe-sdk-hardcoded-buildpath/sysroots/x86_64-petalinux-linux/usr/lib/aarch64-xilinx-linux --includedir=/usr/local/oe-sdk-hardcoded-buildpath/sysroots/x86_64-petalinux-linux/usr/include --oldincludedir=/usr/local/oe-sdk-hardcoded-buildpath/sysroots/x86_64-petalinux-linux/usr/include --infodir=/usr/local/oe-sdk-hardcoded-buildpath/sysroots/x86_64-petalinux-linux/usr/share/info --mandir=/usr/local/oe-sdk-hardcoded-buildpath/sysroots/x86_64-petalinux-linux/usr/share/man --disable-silent-rules --disable-dependency-tracking --with-libtool-sysroot=/media/zibo/data/heyang/tmp/work/x86_64-nativesdk-petalinux-linux/gcc-cross-canadian-aarch64/11.2.0-r0/recipe-sysroot --with-gnu-ld --enable-shared --enable-languages=c,c++,fortran --enable-threads=posix --enable-multilib --enable-default-pie --enable-c99 --enable-long-long --enable-symvers=gnu --enable-libstdcxx-pch --program-prefix=aarch64-xilinx-linux- --without-local-prefix --disable-install-libiberty --disable-libssp --enable-libitm --enable-lto --disable-bootstrap --with-system-zlib --with-linker-hash-style=gnu --enable-linker-build-id --with-ppl=no --with-cloog=no --enable-checking=release --enable-cheaders=c_global --without-isl --with-gxx-include-dir=/not/exist/usr/include/c++/11.2.0 --with-build-time-tools=/media/zibo/data/heyang/tmp/work/x86_64-nativesdk-petalinux-linux/gcc-cross-canadian-aarch64/11.2.0-r0/recipe-sysroot-native/usr/aarch64-xilinx-linux/bin --with-sysroot=/not/exist --with-build-sysroot=/media/zibo/data/heyang/tmp/work/x86_64-nativesdk-petalinux-linux/gcc-cross-canadian-aarch64/11.2.0-r0/recipe-sysroot --enable-standard-branch-protection --enable-poison-system-directories --disable-static --enable-nls --with-glibc-version=2.28 --enable-initfini-array --enable-__cxa_atexit]
  ignore line: [Thread model: posix]
  ignore line: [Supported LTO compression algorithms: zlib zstd]
  ignore line: [gcc version 11.2.0 (GCC) ]
  ignore line: [COMPILER_PATH=/home/sunpark/workspace2/SDK_2022.1/sysroots/x86_64-petalinux-linux/usr/libexec/aarch64-xilinx-linux/gcc/aarch64-xilinx-linux/11.2.0/:/home/sunpark/workspace2/SDK_2022.1/sysroots/x86_64-petalinux-linux/usr/libexec/aarch64-xilinx-linux/gcc/aarch64-xilinx-linux/11.2.0/:/home/sunpark/workspace2/SDK_2022.1/sysroots/x86_64-petalinux-linux/usr/libexec/aarch64-xilinx-linux/gcc/aarch64-xilinx-linux/:/home/sunpark/workspace2/SDK_2022.1/sysroots/x86_64-petalinux-linux/usr/lib/aarch64-xilinx-linux/gcc/aarch64-xilinx-linux/11.2.0/:/home/sunpark/workspace2/SDK_2022.1/sysroots/x86_64-petalinux-linux/usr/lib/aarch64-xilinx-linux/gcc/aarch64-xilinx-linux/]
  ignore line: [LIBRARY_PATH=/home/sunpark/workspace2/SDK_2022.1/sysroots/x86_64-petalinux-linux/usr/lib/aarch64-xilinx-linux/gcc/aarch64-xilinx-linux/11.2.0/:/home/sunpark/workspace2/SDK_2022.1/sysroots/cortexa72-cortexa53-xilinx-linux/lib/:/home/sunpark/workspace2/SDK_2022.1/sysroots/cortexa72-cortexa53-xilinx-linux/usr/lib/aarch64-xilinx-linux/11.2.0/:/home/sunpark/workspace2/SDK_2022.1/sysroots/cortexa72-cortexa53-xilinx-linux/usr/lib/]
  ignore line: [COLLECT_GCC_OPTIONS='--sysroot=/home/sunpark/workspace2/SDK_2022.1/sysroots/cortexa72-cortexa53-xilinx-linux' '-mcpu=cortex-a72.cortex-a53' '-march=armv8-a+crc' '-fstack-protector-strong' '-O2' '-D' '_FORTIFY_SOURCE=2' '-Wformat=1' '-Wformat-security' '-Werror=format-security' '-O2' '-pipe' '-g' '-feliminate-unused-debug-types' '-v' '-o' 'cmTC_869e1' '-shared-libgcc' '-mlittle-endian' '-mabi=lp64' '-dumpdir' 'cmTC_869e1.']
  link line: [ /home/sunpark/workspace2/SDK_2022.1/sysroots/x86_64-petalinux-linux/usr/libexec/aarch64-xilinx-linux/gcc/aarch64-xilinx-linux/11.2.0/collect2 -plugin /home/sunpark/workspace2/SDK_2022.1/sysroots/x86_64-petalinux-linux/usr/libexec/aarch64-xilinx-linux/gcc/aarch64-xilinx-linux/11.2.0/liblto_plugin.so -plugin-opt=/home/sunpark/workspace2/SDK_2022.1/sysroots/x86_64-petalinux-linux/usr/libexec/aarch64-xilinx-linux/gcc/aarch64-xilinx-linux/11.2.0/lto-wrapper -plugin-opt=-fresolution=/tmp/ccSNjTpG.res -plugin-opt=-pass-through=-lgcc_s -plugin-opt=-pass-through=-lgcc -plugin-opt=-pass-through=-lc -plugin-opt=-pass-through=-lgcc_s -plugin-opt=-pass-through=-lgcc --sysroot=/home/sunpark/workspace2/SDK_2022.1/sysroots/cortexa72-cortexa53-xilinx-linux --build-id --eh-frame-hdr --hash-style=gnu -dynamic-linker /lib/ld-linux-aarch64.so.1 -X -EL -maarch64linux -pie -o cmTC_869e1 /home/sunpark/workspace2/SDK_2022.1/sysroots/cortexa72-cortexa53-xilinx-linux/usr/lib/Scrt1.o /home/sunpark/workspace2/SDK_2022.1/sysroots/cortexa72-cortexa53-xilinx-linux/usr/lib/crti.o /home/sunpark/workspace2/SDK_2022.1/sysroots/cortexa72-cortexa53-xilinx-linux/usr/lib/aarch64-xilinx-linux/11.2.0/crtbeginS.o -L/home/sunpark/workspace2/SDK_2022.1/sysroots/x86_64-petalinux-linux/usr/lib/aarch64-xilinx-linux/gcc/aarch64-xilinx-linux/11.2.0 -L/home/sunpark/workspace2/SDK_2022.1/sysroots/cortexa72-cortexa53-xilinx-linux/lib -L/home/sunpark/workspace2/SDK_2022.1/sysroots/cortexa72-cortexa53-xilinx-linux/usr/lib/aarch64-xilinx-linux/11.2.0 -L/home/sunpark/workspace2/SDK_2022.1/sysroots/cortexa72-cortexa53-xilinx-linux/usr/lib -O1 --hash-style=gnu --as-needed -z relro -z now CMakeFiles/cmTC_869e1.dir/CMakeCXXCompilerABI.cpp.o -lstdc++ -lm -lgcc_s -lgcc -lc -lgcc_s -lgcc /home/sunpark/workspace2/SDK_2022.1/sysroots/cortexa72-cortexa53-xilinx-linux/usr/lib/aarch64-xilinx-linux/11.2.0/crtendS.o /home/sunpark/workspace2/SDK_2022.1/sysroots/cortexa72-cortexa53-xilinx-linux/usr/lib/crtn.o]
    arg [/home/sunpark/workspace2/SDK_2022.1/sysroots/x86_64-petalinux-linux/usr/libexec/aarch64-xilinx-linux/gcc/aarch64-xilinx-linux/11.2.0/collect2] ==> ignore
    arg [-plugin] ==> ignore
    arg [/home/sunpark/workspace2/SDK_2022.1/sysroots/x86_64-petalinux-linux/usr/libexec/aarch64-xilinx-linux/gcc/aarch64-xilinx-linux/11.2.0/liblto_plugin.so] ==> ignore
    arg [-plugin-opt=/home/sunpark/workspace2/SDK_2022.1/sysroots/x86_64-petalinux-linux/usr/libexec/aarch64-xilinx-linux/gcc/aarch64-xilinx-linux/11.2.0/lto-wrapper] ==> ignore
    arg [-plugin-opt=-fresolution=/tmp/ccSNjTpG.res] ==> ignore
    arg [-plugin-opt=-pass-through=-lgcc_s] ==> ignore
    arg [-plugin-opt=-pass-through=-lgcc] ==> ignore
    arg [-plugin-opt=-pass-through=-lc] ==> ignore
    arg [-plugin-opt=-pass-through=-lgcc_s] ==> ignore
    arg [-plugin-opt=-pass-through=-lgcc] ==> ignore
    arg [--sysroot=/home/sunpark/workspace2/SDK_2022.1/sysroots/cortexa72-cortexa53-xilinx-linux] ==> ignore
    arg [--build-id] ==> ignore
    arg [--eh-frame-hdr] ==> ignore
    arg [--hash-style=gnu] ==> ignore
    arg [-dynamic-linker] ==> ignore
    arg [/lib/ld-linux-aarch64.so.1] ==> ignore
    arg [-X] ==> ignore
    arg [-EL] ==> ignore
    arg [-maarch64linux] ==> ignore
    arg [-pie] ==> ignore
    arg [-o] ==> ignore
    arg [cmTC_869e1] ==> ignore
    arg [/home/sunpark/workspace2/SDK_2022.1/sysroots/cortexa72-cortexa53-xilinx-linux/usr/lib/Scrt1.o] ==> obj [/home/sunpark/workspace2/SDK_2022.1/sysroots/cortexa72-cortexa53-xilinx-linux/usr/lib/Scrt1.o]
    arg [/home/sunpark/workspace2/SDK_2022.1/sysroots/cortexa72-cortexa53-xilinx-linux/usr/lib/crti.o] ==> obj [/home/sunpark/workspace2/SDK_2022.1/sysroots/cortexa72-cortexa53-xilinx-linux/usr/lib/crti.o]
    arg [/home/sunpark/workspace2/SDK_2022.1/sysroots/cortexa72-cortexa53-xilinx-linux/usr/lib/aarch64-xilinx-linux/11.2.0/crtbeginS.o] ==> obj [/home/sunpark/workspace2/SDK_2022.1/sysroots/cortexa72-cortexa53-xilinx-linux/usr/lib/aarch64-xilinx-linux/11.2.0/crtbeginS.o]
    arg [-L/home/sunpark/workspace2/SDK_2022.1/sysroots/x86_64-petalinux-linux/usr/lib/aarch64-xilinx-linux/gcc/aarch64-xilinx-linux/11.2.0] ==> dir [/home/sunpark/workspace2/SDK_2022.1/sysroots/x86_64-petalinux-linux/usr/lib/aarch64-xilinx-linux/gcc/aarch64-xilinx-linux/11.2.0]
    arg [-L/home/sunpark/workspace2/SDK_2022.1/sysroots/cortexa72-cortexa53-xilinx-linux/lib] ==> dir [/home/sunpark/workspace2/SDK_2022.1/sysroots/cortexa72-cortexa53-xilinx-linux/lib]
    arg [-L/home/sunpark/workspace2/SDK_2022.1/sysroots/cortexa72-cortexa53-xilinx-linux/usr/lib/aarch64-xilinx-linux/11.2.0] ==> dir [/home/sunpark/workspace2/SDK_2022.1/sysroots/cortexa72-cortexa53-xilinx-linux/usr/lib/aarch64-xilinx-linux/11.2.0]
    arg [-L/home/sunpark/workspace2/SDK_2022.1/sysroots/cortexa72-cortexa53-xilinx-linux/usr/lib] ==> dir [/home/sunpark/workspace2/SDK_2022.1/sysroots/cortexa72-cortexa53-xilinx-linux/usr/lib]
    arg [-O1] ==> ignore
    arg [--hash-style=gnu] ==> ignore
    arg [--as-needed] ==> ignore
    arg [-zrelro] ==> ignore
    arg [-znow] ==> ignore
    arg [CMakeFiles/cmTC_869e1.dir/CMakeCXXCompilerABI.cpp.o] ==> ignore
    arg [-lstdc++] ==> lib [stdc++]
    arg [-lm] ==> lib [m]
    arg [-lgcc_s] ==> lib [gcc_s]
    arg [-lgcc] ==> lib [gcc]
    arg [-lc] ==> lib [c]
    arg [-lgcc_s] ==> lib [gcc_s]
    arg [-lgcc] ==> lib [gcc]
    arg [/home/sunpark/workspace2/SDK_2022.1/sysroots/cortexa72-cortexa53-xilinx-linux/usr/lib/aarch64-xilinx-linux/11.2.0/crtendS.o] ==> obj [/home/sunpark/workspace2/SDK_2022.1/sysroots/cortexa72-cortexa53-xilinx-linux/usr/lib/aarch64-xilinx-linux/11.2.0/crtendS.o]
    arg [/home/sunpark/workspace2/SDK_2022.1/sysroots/cortexa72-cortexa53-xilinx-linux/usr/lib/crtn.o] ==> obj [/home/sunpark/workspace2/SDK_2022.1/sysroots/cortexa72-cortexa53-xilinx-linux/usr/lib/crtn.o]
  collapse library dir [/home/sunpark/workspace2/SDK_2022.1/sysroots/x86_64-petalinux-linux/usr/lib/aarch64-xilinx-linux/gcc/aarch64-xilinx-linux/11.2.0] ==> [/home/sunpark/workspace2/SDK_2022.1/sysroots/x86_64-petalinux-linux/usr/lib/aarch64-xilinx-linux/gcc/aarch64-xilinx-linux/11.2.0]
  collapse library dir [/home/sunpark/workspace2/SDK_2022.1/sysroots/cortexa72-cortexa53-xilinx-linux/lib] ==> [/home/sunpark/workspace2/SDK_2022.1/sysroots/cortexa72-cortexa53-xilinx-linux/lib]
  collapse library dir [/home/sunpark/workspace2/SDK_2022.1/sysroots/cortexa72-cortexa53-xilinx-linux/usr/lib/aarch64-xilinx-linux/11.2.0] ==> [/home/sunpark/workspace2/SDK_2022.1/sysroots/cortexa72-cortexa53-xilinx-linux/usr/lib/aarch64-xilinx-linux/11.2.0]
  collapse library dir [/home/sunpark/workspace2/SDK_2022.1/sysroots/cortexa72-cortexa53-xilinx-linux/usr/lib] ==> [/home/sunpark/workspace2/SDK_2022.1/sysroots/cortexa72-cortexa53-xilinx-linux/usr/lib]
  implicit libs: [stdc++;m;gcc_s;gcc;c;gcc_s;gcc]
  implicit objs: [/home/sunpark/workspace2/SDK_2022.1/sysroots/cortexa72-cortexa53-xilinx-linux/usr/lib/Scrt1.o;/home/sunpark/workspace2/SDK_2022.1/sysroots/cortexa72-cortexa53-xilinx-linux/usr/lib/crti.o;/home/sunpark/workspace2/SDK_2022.1/sysroots/cortexa72-cortexa53-xilinx-linux/usr/lib/aarch64-xilinx-linux/11.2.0/crtbeginS.o;/home/sunpark/workspace2/SDK_2022.1/sysroots/cortexa72-cortexa53-xilinx-linux/usr/lib/aarch64-xilinx-linux/11.2.0/crtendS.o;/home/sunpark/workspace2/SDK_2022.1/sysroots/cortexa72-cortexa53-xilinx-linux/usr/lib/crtn.o]
  implicit dirs: [/home/sunpark/workspace2/SDK_2022.1/sysroots/x86_64-petalinux-linux/usr/lib/aarch64-xilinx-linux/gcc/aarch64-xilinx-linux/11.2.0;/home/sunpark/workspace2/SDK_2022.1/sysroots/cortexa72-cortexa53-xilinx-linux/lib;/home/sunpark/workspace2/SDK_2022.1/sysroots/cortexa72-cortexa53-xilinx-linux/usr/lib/aarch64-xilinx-linux/11.2.0;/home/sunpark/workspace2/SDK_2022.1/sysroots/cortexa72-cortexa53-xilinx-linux/usr/lib]
  implicit fwks: []


